#
# A fatal error has been detected by the Java Runtime Environment:
#
#  EXCEPTION_ACCESS_VIOLATION (0xc0000005) at pc=0x6da29a31, pid=4964, tid=0x000010e0
#
# JRE version: OpenJDK Runtime Environment (8.0_112-b02) (build 1.8.0_112-release-408-b2)
# Java VM: OpenJDK Server VM (25.112-b2 mixed mode windows-x86 )
# Problematic frame:
# C  [awt.dll+0xa9a31]
#
# Failed to write core dump. Minidumps are not enabled by default on client versions of Windows
#
# If you would like to submit a bug report, please visit:
#   http://bugreport.java.com/bugreport/crash.jsp
# The crash happened outside the Java Virtual Machine in native code.
# See problematic frame for where to report the bug.
#

---------------  T H R E A D  ---------------

Current thread (0x04c2b000):  JavaThread "AWT-EventQueue-0 2016.3#WS-163.7743.25 WebStorm, eap:false, os:Windows 7 6.1, java-version:JetBrains s.r.o 1.8.0_112-release-408-b2" [_thread_in_native, id=4320, stack(0x09390000,0x09490000)]

siginfo: ExceptionCode=0xc0000005, reading address 0x00000004

Registers:
EAX=0x0000000d, EBX=0x16011d3f, ECX=0x00000000, EDX=0x00000000
ESP=0x0948e288, EBP=0x77134f70, ESI=0x04ad74d8, EDI=0x0665bc98
EIP=0x6da29a31, EFLAGS=0x00010293

Top of Stack: (sp=0x0948e288)
0x0948e288:   6d9ae936 16011d3f 0665bc98 04c2b130
0x0948e298:   0948e358 0948e810 6d9db32b 04c2b130
0x0948e2a8:   0665bc98 0948e810 6d9db342 00000001
0x0948e2b8:   00000000 00000000 6d9abb85 04c2b130
0x0948e2c8:   0948e810 04c2b000 00000007 00000000
0x0948e2d8:   1f5398cc 00000000 42abc758 42abc758
0x0948e2e8:   0948e814 04c2b130 04c2b130 42abc758
0x0948e2f8:   0948e310 04c2b000 0760b60c 0948e3d8 

Instructions: (pc=0x6da29a31)
0x6da29a11:   00 00 c3 8b 41 04 8b 80 0c 0c 00 00 c3 8b 01 83
0x6da29a21:   78 04 08 7e 03 33 c0 c3 8b 49 04 e9 58 eb fe ff
0x6da29a31:   8b 49 04 85 c9 74 05 e9 66 e9 fe ff 33 c0 c2 04
0x6da29a41:   00 8b 49 04 85 c9 74 05 e9 7b e9 fe ff c2 04 00 


Register to memory mapping:

EAX=0x0000000d is an unknown value
EBX=0x16011d3f is at entry_point+7711 in (nmethod*)0x1600fbc8
ECX=0x00000000 is an unknown value
EDX=0x00000000 is an unknown value
ESP=0x0948e288 is pointing into the stack for thread: 0x04c2b000
EBP=0x77134f70 is an unknown value
ESI=0x04ad74d8 is an unknown value
EDI=0x0665bc98 is an unknown value


Stack: [0x09390000,0x09490000],  sp=0x0948e288,  free space=1016k
Native frames: (J=compiled Java code, j=interpreted, Vv=VM code, C=native code)
C  [awt.dll+0xa9a31]

Java frames: (J=compiled Java code, j=interpreted, Vv=VM code)
J 14558  sun.java2d.windows.GDIBlitLoops.nativeBlit(Lsun/java2d/SurfaceData;Lsun/java2d/SurfaceData;Lsun/java2d/pipe/Region;IIIIIIIIIZ)V (0 bytes) @ 0x0f19b3e8 [0x0f19b320+0xc8]
J 32555 C2 sun.java2d.windows.GDIBlitLoops.Blit(Lsun/java2d/SurfaceData;Lsun/java2d/SurfaceData;Ljava/awt/Composite;Lsun/java2d/pipe/Region;IIIIII)V (37 bytes) @ 0x1489b7b8 [0x1489b740+0x78]
J 55392 C2 sun.java2d.pipe.DrawImage.blitSurfaceData(Lsun/java2d/SunGraphics2D;Lsun/java2d/pipe/Region;Lsun/java2d/SurfaceData;Lsun/java2d/SurfaceData;Lsun/java2d/loops/SurfaceType;Lsun/java2d/loops/SurfaceType;IIIIIILjava/awt/Color;)V (145 bytes) @ 0x1492112c [0x14920e80+0x2ac]
J 8921 C2 sun.java2d.pipe.DrawImage.copyImage(Lsun/java2d/SunGraphics2D;Ljava/awt/Image;IILjava/awt/Color;)Z (105 bytes) @ 0x102aa1f4 [0x102aa040+0x1b4]
J 23146 C2 sun.java2d.SunGraphics2D.drawImage(Ljava/awt/Image;IILjava/awt/Color;Ljava/awt/image/ImageObserver;)Z (145 bytes) @ 0x12e0c000 [0x12e0bc00+0x400]
J 53180 C2 javax.swing.RepaintManager$PaintManager.paintDoubleBuffered(Ljavax/swing/JComponent;Ljava/awt/Image;Ljava/awt/Graphics;IIII)V (294 bytes) @ 0x16099e8c [0x16099920+0x56c]
J 14458 C1 javax.swing.RepaintManager$PaintManager.paint(Ljavax/swing/JComponent;Ljavax/swing/JComponent;Ljava/awt/Graphics;IIII)Z (189 bytes) @ 0x0f94fae8 [0x0f94ef60+0xb88]
J 12924 C1 javax.swing.RepaintManager.paint(Ljavax/swing/JComponent;Ljavax/swing/JComponent;Ljava/awt/Graphics;IIII)V (93 bytes) @ 0x0fe04220 [0x0fe03e40+0x3e0]
J 52332 C2 javax.swing.JComponent.paint(Ljava/awt/Graphics;)V (409 bytes) @ 0x17b3a1a0 [0x17b398e0+0x8c0]
J 41237 C1 java.awt.GraphicsCallback$PaintCallback.run(Ljava/awt/Component;Ljava/awt/Graphics;)V (6 bytes) @ 0x13aa4684 [0x13aa45a0+0xe4]
J 39080 C1 sun.awt.SunGraphicsCallback.runOneComponent(Ljava/awt/Component;Ljava/awt/Rectangle;Ljava/awt/Graphics;Ljava/awt/Shape;I)V (177 bytes) @ 0x0fe0fe2c [0x0fe0ec20+0x120c]
J 39079 C1 sun.awt.SunGraphicsCallback.runComponents([Ljava/awt/Component;Ljava/awt/Graphics;I)V (204 bytes) @ 0x11fffc00 [0x11ffed40+0xec0]
J 33346 C1 java.awt.Container.paint(Ljava/awt/Graphics;)V (62 bytes) @ 0x149a8b48 [0x149a8220+0x928]
J 39751 C1 java.awt.Window.paint(Ljava/awt/Graphics;)V (72 bytes) @ 0x153a615c [0x153a5840+0x91c]
J 36047 C1 com.intellij.openapi.wm.impl.IdeFrameImpl.paint(Ljava/awt/Graphics;)V (96 bytes) @ 0x150b32e0 [0x150b2900+0x9e0]
J 50528 C2 javax.swing.RepaintManager$4.run()Ljava/lang/Object; (5 bytes) @ 0x141544c0 [0x14153fc0+0x500]
v  ~StubRoutines::call_stub
J 5440  java.security.AccessController.doPrivileged(Ljava/security/PrivilegedAction;Ljava/security/AccessControlContext;)Ljava/lang/Object; (0 bytes) @ 0x0fc604c7 [0x0fc60460+0x67]
J 24401 C2 javax.swing.RepaintManager.paintDirtyRegions(Ljava/util/Map;)V (196 bytes) @ 0x10b3da68 [0x10b3ca20+0x1048]
J 24436 C2 javax.swing.RepaintManager$ProcessingRunnable.run()V (41 bytes) @ 0x123253c0 [0x12324ea0+0x520]
J 22204 C2 java.awt.EventQueue$3.run()Ljava/lang/Object; (5 bytes) @ 0x1277b32c [0x1277b0c0+0x26c]
v  ~StubRoutines::call_stub
J 5440  java.security.AccessController.doPrivileged(Ljava/security/PrivilegedAction;Ljava/security/AccessControlContext;)Ljava/lang/Object; (0 bytes) @ 0x0fc604c7 [0x0fc60460+0x67]
J 43239 C2 com.intellij.ide.IdeEventQueue._dispatchEvent(Ljava/awt/AWTEvent;Z)V (924 bytes) @ 0x12692680 [0x12690a20+0x1c60]
J 23051 C2 com.intellij.ide.IdeEventQueue.dispatchEvent(Ljava/awt/AWTEvent;)V (467 bytes) @ 0x12d863ac [0x12d85e20+0x58c]
J 43730 C2 java.awt.EventDispatchThread.pumpOneEventForFilters(I)V (295 bytes) @ 0x13b6c4d4 [0x13b6bfe0+0x4f4]
J 13496% C2 java.awt.EventDispatchThread.pumpEventsForFilter(ILjava/awt/Conditional;Ljava/awt/EventFilter;)V (47 bytes) @ 0x10bc9978 [0x10bc98a0+0xd8]
j  java.awt.EventDispatchThread.pumpEventsForHierarchy(ILjava/awt/Conditional;Ljava/awt/Component;)V+11
j  java.awt.EventDispatchThread.pumpEvents(ILjava/awt/Conditional;)V+4
j  java.awt.EventDispatchThread.pumpEvents(Ljava/awt/Conditional;)V+3
j  java.awt.EventDispatchThread.run()V+9
v  ~StubRoutines::call_stub

---------------  P R O C E S S  ---------------

Java Threads: ( => current thread )
  0x072a7000 JavaThread "ApplicationImpl pooled thread 1122" [_thread_blocked, id=13956, stack(0x0b1a0000,0x0b2a0000)]
  0x072a7c00 JavaThread "ApplicationImpl pooled thread 1119" [_thread_blocked, id=6052, stack(0x08f20000,0x09020000)]
  0x3eaa3000 JavaThread "Netty threadDeathWatcher-2-1" daemon [_thread_blocked, id=9348, stack(0x438d0000,0x439d0000)]
  0x3e99ac00 JavaThread "pool-3-thread-1" [_thread_blocked, id=5796, stack(0x41ee0000,0x41fe0000)]
  0x3e99a800 JavaThread "Connector-Local" [_thread_in_native, id=8108, stack(0x41cf0000,0x41df0000)]
  0x3e99a000 JavaThread "pool-4-thread-1" [_thread_blocked, id=8040, stack(0x41bf0000,0x41cf0000)]
  0x3e999800 JavaThread "Thread-2" daemon [_thread_in_native, id=7984, stack(0x41af0000,0x41bf0000)]
  0x06cf1800 JavaThread "ApplicationImpl pooled thread 6" [_thread_in_native, id=6368, stack(0x0ead0000,0x0ebd0000)]
  0x06cef800 JavaThread "ApplicationImpl pooled thread 4" [_thread_in_native, id=5748, stack(0x0d340000,0x0d440000)]
  0x06cee400 JavaThread "TimerQueue" daemon [_thread_blocked, id=7132, stack(0x0ba00000,0x0bb00000)]
  0x06cee000 JavaThread "Netty Builtin Server 2" [_thread_in_native, id=1824, stack(0x0b660000,0x0b760000)]
  0x06cec400 JavaThread "BaseDataReader: error stream of fsnotifier.exe" [_thread_in_native, id=512, stack(0x0aea0000,0x0afa0000)]
  0x06cec000 JavaThread "BaseDataReader: output stream of fsnotifier.exe" [_thread_in_native, id=4784, stack(0x0ad60000,0x0ae60000)]
  0x06ceb800 JavaThread "ProcessWaitFor: fsnotifier.exe" [_thread_in_native, id=1588, stack(0x0ac60000,0x0ad60000)]
=>0x04c2b000 JavaThread "AWT-EventQueue-0 2016.3#WS-163.7743.25 WebStorm, eap:false, os:Windows 7 6.1, java-version:JetBrains s.r.o 1.8.0_112-release-408-b2" [_thread_in_native, id=4320, stack(0x09390000,0x09490000)]
  0x04c6e000 JavaThread "AWT-Shutdown" [_thread_blocked, id=5852, stack(0x08b20000,0x08c20000)]
  0x04a53000 JavaThread "Periodic tasks thread" [_thread_blocked, id=5744, stack(0x089e0000,0x08ae0000)]
  0x06599400 JavaThread "Netty Builtin Server 1" [_thread_in_native, id=7236, stack(0x08290000,0x08390000)]
  0x04ac1400 JavaThread "AWT-Windows" daemon [_thread_in_native, id=2516, stack(0x079c0000,0x07ac0000)]
  0x06397800 JavaThread "Java2D Disposer" daemon [_thread_blocked, id=8052, stack(0x07740000,0x07840000)]
  0x04987c00 JavaThread "Service Thread" daemon [_thread_blocked, id=7992, stack(0x058f0000,0x059f0000)]
  0x04939000 JavaThread "C1 CompilerThread3" daemon [_thread_blocked, id=8056, stack(0x057b0000,0x058b0000)]
  0x04926800 JavaThread "C2 CompilerThread2" daemon [_thread_blocked, id=7240, stack(0x05670000,0x05770000)]
  0x04926000 JavaThread "C2 CompilerThread1" daemon [_thread_blocked, id=7024, stack(0x05530000,0x05630000)]
  0x04922400 JavaThread "C2 CompilerThread0" daemon [_thread_blocked, id=1720, stack(0x053f0000,0x054f0000)]
  0x04915c00 JavaThread "Attach Listener" daemon [_thread_blocked, id=1392, stack(0x051b0000,0x052b0000)]
  0x04915000 JavaThread "Signal Dispatcher" daemon [_thread_blocked, id=7224, stack(0x05070000,0x05170000)]
  0x04912400 JavaThread "Surrogate Locker Thread (Concurrent GC)" daemon [_thread_blocked, id=6840, stack(0x04f30000,0x05030000)]
  0x04910400 JavaThread "Finalizer" daemon [_thread_blocked, id=7232, stack(0x04d30000,0x04e30000)]
  0x0336a000 JavaThread "Reference Handler" daemon [_thread_blocked, id=7432, stack(0x047f0000,0x048f0000)]
  0x022ad000 JavaThread "main" [_thread_blocked, id=5296, stack(0x00090000,0x00190000)]

Other Threads:
  0x03364800 VMThread [stack: 0x046b0000,0x047b0000] [id=1372]
  0x04964800 WatcherThread [stack: 0x05a30000,0x05b30000] [id=6372]

VM state:not at safepoint (normal execution)

VM Mutex/Monitor currently owned by a thread: None

Heap:
 par new generation   total 39296K, used 28454K [0x1e200000, 0x20ca0000, 0x28ca0000)
  eden space 34944K,  81% used [0x1e200000, 0x1fda7c18, 0x20420000)
  from space 4352K,   3% used [0x20860000, 0x20881ce8, 0x20ca0000)
  to   space 4352K,   0% used [0x20420000, 0x20420000, 0x20860000)
 concurrent mark-sweep generation total 280860K, used 188038K [0x28ca0000, 0x39ee7000, 0x3e200000)
 Metaspace       used 99310K, capacity 102876K, committed 103296K, reserved 103808K

Card table byte_map: [0x02fc0000,0x030d0000] byte_map_base: 0x02ecf000

Marking Bits: (CMSBitMap*) 0x01e9ef58
 Bits: [0x03380000, 0x03e2b000)

Mod Union Table: (CMSBitMap*) 0x01e9efb8
 Bits: [0x02280000, 0x02295560)

Polling page: 0x003f0000

CodeCache: size=245760Kb used=151075Kb max_used=151530Kb free=94684Kb
 bounds [0x0f010000, 0x184b8000, 0x1e010000]
 total_blobs=34597 nmethods=34208 adapters=297
 compilation: enabled

Compilation events (10 events):
Event: 432029.712 Thread 0x04939000 nmethod 55456 0x1386a708 code [0x1386aac0, 0x1386c6f4]
Event: 432029.870 Thread 0x04926800 nmethod 55455 0x11233408 code [0x11233660, 0x112351c0]
Event: 432384.052 Thread 0x04922400 55457   !   4       com.intellij.openapi.editor.impl.EditorImpl$MyMouseMotionListener::mouseMoved (405 bytes)
Event: 432384.140 Thread 0x04922400 nmethod 55457 0x10372908 code [0x10372c60, 0x10373da0]
Event: 432384.985 Thread 0x04939000 55458       3       javax.swing.JEditorPane$PlainEditorKit::getViewFactory (2 bytes)
Event: 432384.986 Thread 0x04939000 nmethod 55458 0x140d3b08 code [0x140d3c00, 0x140d3ce0]
Event: 432384.987 Thread 0x04939000 55459       3       javax.swing.text.html.BlockView::changedUpdate (45 bytes)
Event: 432384.989 Thread 0x04939000 nmethod 55459 0x0f0cb188 code [0x0f0cb300, 0x0f0cb908]
Event: 432384.989 Thread 0x04939000 55460       3       javax.swing.text.FlowView$LogicalView::childAllocation (1 bytes)
Event: 432384.989 Thread 0x04939000 nmethod 55460 0x140d38c8 code [0x140d39c0, 0x140d3a80]

GC Heap History (10 events):
Event: 432383.256 GC heap before
{Heap before GC invocations=1602 (full 18):
 par new generation   total 39296K, used 35013K [0x1e200000, 0x20ca0000, 0x28ca0000)
  eden space 34944K, 100% used [0x1e200000, 0x20420000, 0x20420000)
  from space 4352K,   1% used [0x20420000, 0x20431728, 0x20860000)
  to   space 4352K,   0% used [0x20860000, 0x20860000, 0x20ca0000)
 concurrent mark-sweep generation total 280860K, used 188012K [0x28ca0000, 0x39ee7000, 0x3e200000)
 Metaspace       used 99309K, capacity 102876K, committed 103296K, reserved 103808K
Event: 432383.263 GC heap after
Heap after GC invocations=1603 (full 18):
 par new generation   total 39296K, used 455K [0x1e200000, 0x20ca0000, 0x28ca0000)
  eden space 34944K,   0% used [0x1e200000, 0x1e200000, 0x20420000)
  from space 4352K,  10% used [0x20860000, 0x208d1e70, 0x20ca0000)
  to   space 4352K,   0% used [0x20420000, 0x20420000, 0x20860000)
 concurrent mark-sweep generation total 280860K, used 188037K [0x28ca0000, 0x39ee7000, 0x3e200000)
 Metaspace       used 99309K, capacity 102876K, committed 103296K, reserved 103808K
}
Event: 433003.548 GC heap before
{Heap before GC invocations=1603 (full 18):
 par new generation   total 39296K, used 35395K [0x1e200000, 0x20ca0000, 0x28ca0000)
  eden space 34944K,  99% used [0x1e200000, 0x2041f138, 0x20420000)
  from space 4352K,  10% used [0x20860000, 0x208d1e70, 0x20ca0000)
  to   space 4352K,   0% used [0x20420000, 0x20420000, 0x20860000)
 concurrent mark-sweep generation total 280860K, used 188037K [0x28ca0000, 0x39ee7000, 0x3e200000)
 Metaspace       used 99310K, capacity 102876K, committed 103296K, reserved 103808K
Event: 433003.555 GC heap after
Heap after GC invocations=1604 (full 18):
 par new generation   total 39296K, used 187K [0x1e200000, 0x20ca0000, 0x28ca0000)
  eden space 34944K,   0% used [0x1e200000, 0x1e200000, 0x20420000)
  from space 4352K,   4% used [0x20420000, 0x2044ef00, 0x20860000)
  to   space 4352K,   0% used [0x20860000, 0x20860000, 0x20ca0000)
 concurrent mark-sweep generation total 280860K, used 188037K [0x28ca0000, 0x39ee7000, 0x3e200000)
 Metaspace       used 99310K, capacity 102876K, committed 103296K, reserved 103808K
}
Event: 433749.337 GC heap before
{Heap before GC invocations=1604 (full 18):
 par new generation   total 39296K, used 35131K [0x1e200000, 0x20ca0000, 0x28ca0000)
  eden space 34944K, 100% used [0x1e200000, 0x20420000, 0x20420000)
  from space 4352K,   4% used [0x20420000, 0x2044ef00, 0x20860000)
  to   space 4352K,   0% used [0x20860000, 0x20860000, 0x20ca0000)
 concurrent mark-sweep generation total 280860K, used 188037K [0x28ca0000, 0x39ee7000, 0x3e200000)
 Metaspace       used 99310K, capacity 102876K, committed 103296K, reserved 103808K
Event: 433749.345 GC heap after
Heap after GC invocations=1605 (full 18):
 par new generation   total 39296K, used 154K [0x1e200000, 0x20ca0000, 0x28ca0000)
  eden space 34944K,   0% used [0x1e200000, 0x1e200000, 0x20420000)
  from space 4352K,   3% used [0x20860000, 0x20886bb8, 0x20ca0000)
  to   space 4352K,   0% used [0x20420000, 0x20420000, 0x20860000)
 concurrent mark-sweep generation total 280860K, used 188037K [0x28ca0000, 0x39ee7000, 0x3e200000)
 Metaspace       used 99310K, capacity 102876K, committed 103296K, reserved 103808K
}
Event: 434453.501 GC heap before
{Heap before GC invocations=1605 (full 18):
 par new generation   total 39296K, used 35098K [0x1e200000, 0x20ca0000, 0x28ca0000)
  eden space 34944K, 100% used [0x1e200000, 0x20420000, 0x20420000)
  from space 4352K,   3% used [0x20860000, 0x20886bb8, 0x20ca0000)
  to   space 4352K,   0% used [0x20420000, 0x20420000, 0x20860000)
 concurrent mark-sweep generation total 280860K, used 188037K [0x28ca0000, 0x39ee7000, 0x3e200000)
 Metaspace       used 99310K, capacity 102876K, committed 103296K, reserved 103808K
Event: 434453.508 GC heap after
Heap after GC invocations=1606 (full 18):
 par new generation   total 39296K, used 136K [0x1e200000, 0x20ca0000, 0x28ca0000)
  eden space 34944K,   0% used [0x1e200000, 0x1e200000, 0x20420000)
  from space 4352K,   3% used [0x20420000, 0x20442138, 0x20860000)
  to   space 4352K,   0% used [0x20860000, 0x20860000, 0x20ca0000)
 concurrent mark-sweep generation total 280860K, used 188038K [0x28ca0000, 0x39ee7000, 0x3e200000)
 Metaspace       used 99310K, capacity 102876K, committed 103296K, reserved 103808K
}
Event: 435213.478 GC heap before
{Heap before GC invocations=1606 (full 18):
 par new generation   total 39296K, used 35080K [0x1e200000, 0x20ca0000, 0x28ca0000)
  eden space 34944K, 100% used [0x1e200000, 0x20420000, 0x20420000)
  from space 4352K,   3% used [0x20420000, 0x20442138, 0x20860000)
  to   space 4352K,   0% used [0x20860000, 0x20860000, 0x20ca0000)
 concurrent mark-sweep generation total 280860K, used 188038K [0x28ca0000, 0x39ee7000, 0x3e200000)
 Metaspace       used 99310K, capacity 102876K, committed 103296K, reserved 103808K
Event: 435213.490 GC heap after
Heap after GC invocations=1607 (full 18):
 par new generation   total 39296K, used 135K [0x1e200000, 0x20ca0000, 0x28ca0000)
  eden space 34944K,   0% used [0x1e200000, 0x1e200000, 0x20420000)
  from space 4352K,   3% used [0x20860000, 0x20881ce8, 0x20ca0000)
  to   space 4352K,   0% used [0x20420000, 0x20420000, 0x20860000)
 concurrent mark-sweep generation total 280860K, used 188038K [0x28ca0000, 0x39ee7000, 0x3e200000)
 Metaspace       used 99310K, capacity 102876K, committed 103296K, reserved 103808K
}

Deoptimization events (10 events):
Event: 344880.254 Thread 0x04c2b000 Uncommon trap: reason=unstable_if action=reinterpret pc=0x0f44052c method=javax.swing.SwingUtilities.convertPointFromScreen(Ljava/awt/Point;Ljava/awt/Component;)V @ 128
Event: 345089.246 Thread 0x04c2b000 Uncommon trap: reason=class_check action=maybe_recompile pc=0x177b22ec method=com.intellij.openapi.fileEditor.impl.HistoryEntry.writeExternal(Lorg/jdom/Element;Lcom/intellij/openapi/project/Project;)Lorg/jdom/Element; @ 75
Event: 364339.506 Thread 0x04c2b000 Uncommon trap: reason=bimorphic action=maybe_recompile pc=0x15db3b84 method=com.intellij.openapi.wm.impl.IdeGlassPaneImpl.a(Ljava/awt/event/MouseEvent;ZLjavax/swing/JRootPane;)Z @ 1260
Event: 364351.591 Thread 0x0c489000 Uncommon trap: reason=unstable_if action=reinterpret pc=0x18222e34 method=com.intellij.lang.javascript.highlighting.JavaScriptLineMarkerProvider.isExtension(Lcom/intellij/lang/javascript/psi/JSElement;)Z @ 62
Event: 364351.722 Thread 0x072a8800 Uncommon trap: reason=unstable_if action=reinterpret pc=0x1248a614 method=com.intellij.lang.javascript.psi.types.JSTypeGuardChecker.isAvailable(Lcom/intellij/psi/PsiElement;Lcom/intellij/lang/javascript/psi/JSType;)Z @ 68
Event: 364351.723 Thread 0x072a8800 Uncommon trap: reason=unstable_if action=reinterpret pc=0x15c666ac method=com.intellij.lang.javascript.psi.types.JSTypeGuardChecker.isAvailable(Lcom/intellij/psi/PsiElement;Lcom/intellij/lang/javascript/psi/JSType;)Z @ 68
Event: 364351.787 Thread 0x0c489c00 Uncommon trap: reason=class_check action=maybe_recompile pc=0x1813af58 method=com.intellij.lang.javascript.inspections.JSCheckFunctionSignaturesInspection$2.visitJSCallExpression(Lcom/intellij/lang/javascript/psi/JSCallExpression;)V @ 32
Event: 364351.849 Thread 0x06ae3c00 Uncommon trap: reason=class_check action=maybe_recompile pc=0x1182c1d4 method=com.intellij.lang.javascript.psi.util.RecursionVisitor.visitJSCallExpression(Lcom/intellij/lang/javascript/psi/JSCallExpression;)V @ 61
Event: 364351.850 Thread 0x06ae3c00 Uncommon trap: reason=class_check action=maybe_recompile pc=0x1182c1d4 method=com.intellij.lang.javascript.psi.util.RecursionVisitor.visitJSCallExpression(Lcom/intellij/lang/javascript/psi/JSCallExpression;)V @ 61
Event: 364578.692 Thread 0x04c2b000 Uncommon trap: reason=class_check action=maybe_recompile pc=0x177b22ec method=com.intellij.openapi.fileEditor.impl.HistoryEntry.writeExternal(Lorg/jdom/Element;Lcom/intellij/openapi/project/Project;)Lorg/jdom/Element; @ 75

Internal exceptions (10 events):
Event: 435393.483 Thread 0x06cef800 Exception <a 'java/net/SocketTimeoutException': Receive timed out> (0x1e9a91b0) thrown at [C:\BuildAgent\work\d332137835c821ac\hotspot\src\share\vm\prims\jni.cpp, line 735]
Event: 435393.705 Thread 0x06cf1800 Exception <a 'java/net/SocketTimeoutException': Receive timed out> (0x1e90b9b0) thrown at [C:\BuildAgent\work\d332137835c821ac\hotspot\src\share\vm\prims\jni.cpp, line 735]
Event: 435403.483 Thread 0x06cef800 Exception <a 'java/net/SocketTimeoutException': Receive timed out> (0x1e9a9610) thrown at [C:\BuildAgent\work\d332137835c821ac\hotspot\src\share\vm\prims\jni.cpp, line 735]
Event: 435403.704 Thread 0x06cf1800 Exception <a 'java/net/SocketTimeoutException': Receive timed out> (0x1e90be10) thrown at [C:\BuildAgent\work\d332137835c821ac\hotspot\src\share\vm\prims\jni.cpp, line 735]
Event: 435413.482 Thread 0x06cef800 Exception <a 'java/net/SocketTimeoutException': Receive timed out> (0x1e9a9a70) thrown at [C:\BuildAgent\work\d332137835c821ac\hotspot\src\share\vm\prims\jni.cpp, line 735]
Event: 435413.704 Thread 0x06cf1800 Exception <a 'java/net/SocketTimeoutException': Receive timed out> (0x1eb490e8) thrown at [C:\BuildAgent\work\d332137835c821ac\hotspot\src\share\vm\prims\jni.cpp, line 735]
Event: 435423.482 Thread 0x06cef800 Exception <a 'java/net/SocketTimeoutException': Receive timed out> (0x1ebe26f0) thrown at [C:\BuildAgent\work\d332137835c821ac\hotspot\src\share\vm\prims\jni.cpp, line 735]
Event: 435423.703 Thread 0x06cf1800 Exception <a 'java/net/SocketTimeoutException': Receive timed out> (0x1eb49548) thrown at [C:\BuildAgent\work\d332137835c821ac\hotspot\src\share\vm\prims\jni.cpp, line 735]
Event: 435433.618 Thread 0x06cef800 Exception <a 'java/net/SocketTimeoutException': Receive timed out> (0x1ebe5270) thrown at [C:\BuildAgent\work\d332137835c821ac\hotspot\src\share\vm\prims\jni.cpp, line 735]
Event: 435433.840 Thread 0x06cf1800 Exception <a 'java/net/SocketTimeoutException': Receive timed out> (0x1eb499a8) thrown at [C:\BuildAgent\work\d332137835c821ac\hotspot\src\share\vm\prims\jni.cpp, line 735]

Events (10 events):
Event: 435118.746 Thread 0x072a7000 Thread exited: 0x072a7000
Event: 435213.478 Executing VM operation: GenCollectForAllocation
Event: 435213.490 Executing VM operation: GenCollectForAllocation done
Event: 435312.747 Thread 0x072a7000 Thread added: 0x072a7000
Event: 435373.747 Executing VM operation: RevokeBias
Event: 435373.748 Executing VM operation: RevokeBias done
Event: 435373.748 Thread 0x072a7000 Thread exited: 0x072a7000
Event: 435439.398 Thread 0x072a7000 Thread added: 0x072a7000
Event: 435440.332 Executing VM operation: RevokeBias
Event: 435440.333 Executing VM operation: RevokeBias done


Dynamic libraries:
0x00400000 - 0x00543000 	C:\Program Files (x86)\JetBrains\WebStorm 2016.2.3\bin\WebStorm.exe
0x77df0000 - 0x77f70000 	C:\Windows\SysWOW64\ntdll.dll
0x775e0000 - 0x776f0000 	C:\Windows\syswow64\kernel32.dll
0x777c0000 - 0x77807000 	C:\Windows\syswow64\KERNELBASE.dll
0x757f0000 - 0x758f0000 	C:\Windows\syswow64\USER32.dll
0x77120000 - 0x771b0000 	C:\Windows\syswow64\GDI32.dll
0x75750000 - 0x7575a000 	C:\Windows\syswow64\LPK.dll
0x758f0000 - 0x7598d000 	C:\Windows\syswow64\USP10.dll
0x75b80000 - 0x75c2c000 	C:\Windows\syswow64\msvcrt.dll
0x77710000 - 0x777b1000 	C:\Windows\syswow64\ADVAPI32.dll
0x776f0000 - 0x77709000 	C:\Windows\SysWOW64\sechost.dll
0x77210000 - 0x77300000 	C:\Windows\syswow64\RPCRT4.dll
0x756e0000 - 0x75740000 	C:\Windows\syswow64\SspiCli.dll
0x756d0000 - 0x756dc000 	C:\Windows\syswow64\CRYPTBASE.dll
0x764d0000 - 0x7711c000 	C:\Windows\syswow64\SHELL32.dll
0x77860000 - 0x778b7000 	C:\Windows\syswow64\SHLWAPI.dll
0x771b0000 - 0x77210000 	C:\Windows\system32\IMM32.DLL
0x76190000 - 0x7625d000 	C:\Windows\syswow64\MSCTF.dll
0x74cf0000 - 0x74d1a000 	C:\Windows\SysWOW64\nvinit.dll
0x0f000000 - 0x0f006000 	C:\Program Files (x86)\NVIDIA Corporation\CoProcManager\_etoured.dll
0x6f7a0000 - 0x6f7f3000 	C:\Program Files (x86)\NVIDIA Corporation\CoProcManager\nvd3d9wrap.dll
0x759e0000 - 0x75b7d000 	C:\Windows\syswow64\SETUPAPI.dll
0x75990000 - 0x759b7000 	C:\Windows\syswow64\CFGMGR32.dll
0x778c0000 - 0x77951000 	C:\Windows\syswow64\OLEAUT32.dll
0x76020000 - 0x7617d000 	C:\Windows\syswow64\ole32.dll
0x77390000 - 0x773a2000 	C:\Windows\syswow64\DEVOBJ.dll
0x6f760000 - 0x6f79b000 	C:\Program Files (x86)\NVIDIA Corporation\CoProcManager\nvdxgiwrap.dll
0x5c720000 - 0x5ccff000 	C:\Program Files (x86)\JetBrains\WebStorm 2016.2.3\jre\jre\bin\server\jvm.dll
0x74300000 - 0x74307000 	C:\Windows\system32\WSOCK32.dll
0x77820000 - 0x77855000 	C:\Windows\syswow64\WS2_32.dll
0x76260000 - 0x76266000 	C:\Windows\syswow64\NSI.dll
0x74490000 - 0x744c2000 	C:\Windows\system32\WINMM.dll
0x75030000 - 0x75039000 	C:\Windows\system32\VERSION.dll
0x759c0000 - 0x759c5000 	C:\Windows\syswow64\PSAPI.DLL
0x6fbb0000 - 0x6fc6f000 	C:\Windows\system32\MSVCR100.dll
0x6fe00000 - 0x6fe0c000 	C:\Program Files (x86)\JetBrains\WebStorm 2016.2.3\jre\jre\bin\verify.dll
0x6fd70000 - 0x6fd91000 	C:\Program Files (x86)\JetBrains\WebStorm 2016.2.3\jre\jre\bin\java.dll
0x6fde0000 - 0x6fdf3000 	C:\Program Files (x86)\JetBrains\WebStorm 2016.2.3\jre\jre\bin\zip.dll
0x77810000 - 0x7781b000 	C:\Windows\syswow64\profapi.dll
0x6d980000 - 0x6dac0000 	C:\Program Files (x86)\JetBrains\WebStorm 2016.2.3\jre\jre\bin\awt.dll
0x740d0000 - 0x74154000 	C:\Windows\WinSxS\x86_microsoft.windows.common-controls_6595b64144ccf1df_5.82.7601.18837_none_ec86b8d6858ec0bc\COMCTL32.dll
0x6fc80000 - 0x6fd00000 	C:\Windows\system32\uxtheme.dll
0x6e390000 - 0x6e3a3000 	C:\Windows\system32\dwmapi.dll
0x6d110000 - 0x6d184000 	C:\Program Files (x86)\JetBrains\WebStorm 2016.2.3\jre\jre\bin\freetype.dll
0x61da0000 - 0x61e28000 	C:\Program Files (x86)\JetBrains\WebStorm 2016.2.3\jre\jre\bin\fontmanager.dll
0x6d0f0000 - 0x6d106000 	C:\Program Files (x86)\JetBrains\WebStorm 2016.2.3\jre\jre\bin\net.dll
0x74bc0000 - 0x74bfc000 	C:\Windows\system32\mswsock.dll
0x74980000 - 0x74986000 	C:\Windows\System32\wship6.dll
0x6fd60000 - 0x6fd6f000 	C:\Program Files (x86)\JetBrains\WebStorm 2016.2.3\jre\jre\bin\nio.dll
0x74bb0000 - 0x74bb5000 	C:\Windows\System32\wshtcpip.dll
0x74b90000 - 0x74ba7000 	C:\Windows\system32\CRYPTSP.dll
0x74b50000 - 0x74b8b000 	C:\Windows\system32\rsaenh.dll
0x75c30000 - 0x75c47000 	C:\Windows\syswow64\USERENV.dll
0x749a0000 - 0x749bc000 	C:\Windows\system32\IPHLPAPI.DLL
0x74990000 - 0x74997000 	C:\Windows\system32\WINNSI.DLL
0x74970000 - 0x7497d000 	C:\Windows\system32\dhcpcsvc6.DLL
0x74950000 - 0x74962000 	C:\Windows\system32\dhcpcsvc.DLL
0x6c9a0000 - 0x6c9aa000 	C:\Program Files (x86)\JetBrains\WebStorm 2016.2.3\jre\jre\bin\management.dll
0x61d80000 - 0x61d9d000 	C:\Users\shwen\.WebStorm2016.3\system\tmp\jna875882378335049616.dll
0x61d70000 - 0x61d7d000 	C:\Program Files (x86)\JetBrains\WebStorm 2016.2.3\bin\IdeaWin32.dll
0x07d80000 - 0x07d89000 	C:\Program Files (x86)\JetBrains\WebStorm 2016.2.3\bin\focuskiller.dll
0x61ca0000 - 0x61d68000 	C:\Windows\system32\opengl32.dll
0x5fee0000 - 0x5ff02000 	C:\Windows\system32\GLU32.dll
0x5fa90000 - 0x5fb77000 	C:\Windows\system32\DDRAW.dll
0x61c90000 - 0x61c96000 	C:\Windows\system32\DCIMAN32.dll
0x742a0000 - 0x742b0000 	C:\Windows\system32\NLAapi.dll
0x74290000 - 0x742a0000 	C:\Windows\system32\napinsp.dll
0x74270000 - 0x74282000 	C:\Windows\system32\pnrpnsp.dll
0x74220000 - 0x74264000 	C:\Windows\system32\DNSAPI.dll
0x74210000 - 0x74218000 	C:\Windows\System32\winrnr.dll
0x74200000 - 0x7420d000 	C:\Windows\system32\wshbth.dll
0x63560000 - 0x63568000 	C:\Program Files (x86)\National Instruments\Shared\mDNS Responder\nimdnsNSP.dll
0x63550000 - 0x63559000 	C:\Windows\system32\nimdnsResponder.dll
0x746f0000 - 0x74793000 	C:\Windows\WinSxS\x86_microsoft.vc90.crt_1fc8b3b9a1e18e3b_9.0.30729.6161_none_50934f2ebcb7eb57\MSVCR90.dll
0x74910000 - 0x74948000 	C:\Windows\System32\fwpuclnt.dll
0x741f0000 - 0x741f6000 	C:\Windows\system32\rasadhlp.dll
0x5ea70000 - 0x5ea90000 	C:\Program Files (x86)\JetBrains\WebStorm 2016.2.3\jre\jre\bin\sunec.dll
0x5e9d0000 - 0x5ea01000 	C:\Program Files (x86)\JetBrains\WebStorm 2016.2.3\jre\jre\bin\splashscreen.dll
0x5ea60000 - 0x5ea69000 	C:\Program Files (x86)\JetBrains\WebStorm 2016.2.3\jre\jre\bin\sunmscapi.dll
0x75ef0000 - 0x76011000 	C:\Windows\syswow64\CRYPT32.dll
0x773b0000 - 0x773bc000 	C:\Windows\syswow64\MSASN1.dll
0x5e9a0000 - 0x5e9d0000 	C:\Program Files (x86)\JetBrains\WebStorm 2016.2.3\jre\jre\bin\lcms.dll
0x5ea50000 - 0x5ea56000 	C:\Program Files (x86)\JetBrains\WebStorm 2016.2.3\jre\jre\bin\jawt.dll
0x73bf0000 - 0x73c3c000 	C:\Windows\system32\apphelp.dll
0x773c0000 - 0x77443000 	C:\Windows\syswow64\CLBCatQ.DLL
0x73e90000 - 0x7402e000 	C:\Windows\WinSxS\x86_microsoft.windows.common-controls_6595b64144ccf1df_6.0.7601.18837_none_41e855142bd5705d\comctl32.dll
0x5e820000 - 0x5e951000 	C:\Windows\system32\WindowsCodecs.dll
0x5d080000 - 0x5d229000 	C:\Program Files (x86)\MICROS~2\Office15\GROOVEEX.DLL
0x6f850000 - 0x6f8b9000 	C:\Windows\system32\MSVCP100.dll
0x6e400000 - 0x6e426000 	C:\Windows\system32\ATL100.DLL
0x73830000 - 0x73a76000 	C:\Windows\system32\msi.dll
0x6a6f0000 - 0x6af6d000 	C:\Program Files (x86)\MICROS~2\Office15\1033\GrooveIntlResource.dll
0x5d360000 - 0x5d391000 	C:\Windows\system32\EhStorShell.dll
0x73d90000 - 0x73e85000 	C:\Windows\system32\PROPSYS.dll
0x71130000 - 0x711a0000 	C:\Windows\system32\ntshrui.dll
0x735d0000 - 0x735e9000 	C:\Windows\system32\srvcli.dll
0x71310000 - 0x7131b000 	C:\Windows\system32\cscapi.dll
0x74890000 - 0x7489a000 	C:\Windows\system32\slc.dll
0x5e990000 - 0x5e996000 	C:\Windows\system32\IconCodecService.dll
0x5d2d0000 - 0x5d354000 	C:\Program Files (x86)\JetBrains\WebStorm 2016.2.3\lib\libpty\win\x86\winpty.dll
0x5d3d0000 - 0x5d3d3000 	C:\Windows\system32\api-ms-win-core-synch-l1-2-0.DLL
0x73c40000 - 0x73c61000 	C:\Windows\system32\ntmarta.dll
0x75c50000 - 0x75c95000 	C:\Windows\syswow64\WLDAP32.dll
0x76180000 - 0x76185000 	C:\Windows\syswow64\api-ms-win-downlevel-advapi32-l1-1-0.dll
0x75760000 - 0x75764000 	C:\Windows\syswow64\api-ms-win-downlevel-shlwapi-l1-1-0.dll
0x77450000 - 0x77454000 	C:\Windows\syswow64\api-ms-win-downlevel-user32-l1-1-0.dll
0x759d0000 - 0x759d4000 	C:\Windows\syswow64\api-ms-win-downlevel-version-l1-1-0.dll
0x75740000 - 0x75743000 	C:\Windows\syswow64\api-ms-win-downlevel-normaliz-l1-1-0.dll
0x77dc0000 - 0x77dc3000 	C:\Windows\syswow64\normaliz.DLL
0x75ca0000 - 0x75ed4000 	C:\Windows\syswow64\iertutil.dll
0x75ee0000 - 0x75ee4000 	C:\Windows\syswow64\api-ms-win-downlevel-ole32-l1-1-0.dll
0x77490000 - 0x775db000 	C:\Windows\syswow64\urlmon.dll
0x76270000 - 0x764cc000 	C:\Windows\syswow64\WININET.dll
0x6d090000 - 0x6d094000 	C:\Windows\system32\api-ms-win-downlevel-shlwapi-l2-1-0.dll
0x74c00000 - 0x74ceb000 	C:\Windows\system32\dbghelp.dll

VM Arguments:
jvm_args: -Xms128m -Xmx512m -XX:ReservedCodeCacheSize=240m -XX:+UseConcMarkSweepGC -XX:SoftRefLRUPolicyMSPerMB=50 -ea -Dsun.io.useCanonCaches=false -Djava.net.preferIPv4Stack=true -XX:+HeapDumpOnOutOfMemoryError -XX:-OmitStackTraceInFastThrow -Djb.vmOptionsFile=C:\Program Files (x86)\JetBrains\WebStorm 2016.2.3\bin\WebStorm.exe.vmoptions -Xbootclasspath/a:C:\Program Files (x86)\JetBrains\WebStorm 2016.2.3\lib\boot.jar -Didea.platform.prefix=WebStorm -Didea.paths.selector=WebStorm2016.3 -XX:ErrorFile=C:\Users\shwen\java_error_in_webstorm_%p.log -XX:HeapDumpPath=C:\Users\shwen\java_error_in_webstorm.hprof 
java_command: <unknown>
java_class_path (initial): C:\Program Files (x86)\JetBrains\WebStorm 2016.2.3\lib\bootstrap.jar;C:\Program Files (x86)\JetBrains\WebStorm 2016.2.3\lib\extensions.jar;C:\Program Files (x86)\JetBrains\WebStorm 2016.2.3\lib\util.jar;C:\Program Files (x86)\JetBrains\WebStorm 2016.2.3\lib\jdom.jar;C:\Program Files (x86)\JetBrains\WebStorm 2016.2.3\lib\log4j.jar;C:\Program Files (x86)\JetBrains\WebStorm 2016.2.3\lib\trove4j.jar;C:\Program Files (x86)\JetBrains\WebStorm 2016.2.3\lib\jna.jar
Launcher Type: generic

Environment Variables:
PATH=C:\ProgramData\Oracle\Java\javapath;C:\Windows\system32;C:\Windows;C:\Windows\System32\Wbem;C:\Program Files (x86)\OpenText\Viewer\bin;C:\Program Files\IVI Foundation\VISA\Win64\Bin\;C:\Program Files (x86)\IVI Foundation\VISA\WinNT\Bin\;C:\Program Files (x86)\IVI Foundation\VISA\WinNT\Bin;C:\Windows\system32\config\systemprofile\.dnx\bin;C:\Program Files\Microsoft DNX\Dnvm\;C:\Program Files (x86)\Windows Kits\8.1\Windows Performance Toolkit\;C:\Program Files (x86)\Brackets\command;C:\Program Files\nodejs\;C:\Windows\System32\WindowsPowerShell\v1.0\;C:\Windows\System32\WindowsPowerShell\v1.0\;C:\Users\shwen\.dnx\bin;C:\Users\shwen\AppData\Roaming\npm
USERNAME=Shwen
OS=Windows_NT
PROCESSOR_IDENTIFIER=Intel64 Family 6 Model 60 Stepping 3, GenuineIntel



---------------  S Y S T E M  ---------------

OS: Windows 7 , 64 bit Build 7601 (6.1.7601.23572)

CPU:total 8 (4 cores per cpu, 2 threads per core) family 6 model 60 stepping 3, cmov, cx8, fxsr, mmx, sse, sse2, sse3, ssse3, sse4.1, sse4.2, popcnt, avx, avx2, aes, clmul, erms, lzcnt, ht, tsc, tscinvbit, bmi1, bmi2

Memory: 4k page, physical 16680048k(4646400k free), swap 33358236k(18697148k free)

vm_info: OpenJDK Server VM (25.112-b2) for windows-x86 JRE (1.8.0_112-release-408-b2), built on Oct 26 2016 01:29:13 by "builduser" with MS VC++ 10.0 (VS2010)

time: Thu Mar 23 10:00:09 2017
elapsed time: 435440 seconds (5d 0h 57m 20s)

