#
# A fatal error has been detected by the Java Runtime Environment:
#
#  EXCEPTION_ACCESS_VIOLATION (0xc0000005) at pc=0x77ea9a21, pid=3756, tid=0x00000c70
#
# JRE version: OpenJDK Runtime Environment (8.0_112-b87) (build 1.8.0_112-release-b343)
# Java VM: OpenJDK Server VM (25.112-b343 mixed mode windows-x86 )
# Problematic frame:
# C  [awt.dll+0xa9a21]
#
# Failed to write core dump. Minidumps are not enabled by default on client versions of Windows
#
# If you would like to submit a bug report, please visit:
#   http://bugreport.java.com/bugreport/crash.jsp
# The crash happened outside the Java Virtual Machine in native code.
# See problematic frame for where to report the bug.
#

---------------  T H R E A D  ---------------

Current thread (0x08e6f400):  JavaThread "AWT-EventQueue-0 2016.2.3#WS-162.1812.21 WebStorm, eap:false, os:Windows 7 6.1, java-version:JetBrains s.r.o 1.8.0_112-release-b343" [_thread_in_native, id=3184, stack(0x0a540000,0x0a640000)]

siginfo: ExceptionCode=0xc0000005, reading address 0x00000004

Registers:
EAX=0x0000000d, EBX=0x09011672, ECX=0x00000000, EDX=0x00000000
ESP=0x0a63e3c8, EBP=0x76634f70, ESI=0x08f3e9a0, EDI=0x0ca12c60
EIP=0x77ea9a21, EFLAGS=0x00010297

Top of Stack: (sp=0x0a63e3c8)
0x0a63e3c8:   77e2e936 09011672 0ca12c60 08e6f530
0x0a63e3d8:   0a63e498 0a63e950 77e5b31b 08e6f530
0x0a63e3e8:   0ca12c60 0a63e950 77e5b332 00000001
0x0a63e3f8:   00000000 00000000 77e2bb85 08e6f530
0x0a63e408:   0a63e950 08e6f400 2a08f13c 00000000
0x0a63e418:   1f8b45e0 1010b9d4 1f034140 0ccbc7a0
0x0a63e428:   0a63e954 08e6f530 00000001 1f8b47b0
0x0a63e438:   2a46aea0 00000000 297267a8 06942a40 

Instructions: (pc=0x77ea9a21)
0x77ea9a01:   00 00 c3 8b 41 04 8b 80 0c 0c 00 00 c3 8b 01 83
0x77ea9a11:   78 04 08 7e 03 33 c0 c3 8b 49 04 e9 57 eb fe ff
0x77ea9a21:   8b 49 04 85 c9 74 05 e9 65 e9 fe ff 33 c0 c2 04
0x77ea9a31:   00 8b 49 04 85 c9 74 05 e9 7a e9 fe ff c2 04 00 


Register to memory mapping:

EAX=0x0000000d is an unknown value
EBX=0x09011672 is an unknown value
ECX=0x00000000 is an unknown value
EDX=0x00000000 is an unknown value
ESP=0x0a63e3c8 is pointing into the stack for thread: 0x08e6f400
EBP=0x76634f70 is an unknown value
ESI=0x08f3e9a0 is an unknown value
EDI=0x0ca12c60 is an unknown value


Stack: [0x0a540000,0x0a640000],  sp=0x0a63e3c8,  free space=1016k
Native frames: (J=compiled Java code, j=interpreted, Vv=VM code, C=native code)
C  [awt.dll+0xa9a21]

Java frames: (J=compiled Java code, j=interpreted, Vv=VM code)
J 7157  sun.java2d.windows.GDIBlitLoops.nativeBlit(Lsun/java2d/SurfaceData;Lsun/java2d/SurfaceData;Lsun/java2d/pipe/Region;IIIIIIIIIZ)V (0 bytes) @ 0x102642e8 [0x10264220+0xc8]
J 20403 C2 sun.java2d.windows.GDIBlitLoops.Blit(Lsun/java2d/SurfaceData;Lsun/java2d/SurfaceData;Ljava/awt/Composite;Lsun/java2d/pipe/Region;IIIIII)V (37 bytes) @ 0x115cd0b8 [0x115cd040+0x78]
J 18534 C2 sun.java2d.pipe.DrawImage.blitSurfaceData(Lsun/java2d/SunGraphics2D;Lsun/java2d/pipe/Region;Lsun/java2d/SurfaceData;Lsun/java2d/SurfaceData;Lsun/java2d/loops/SurfaceType;Lsun/java2d/loops/SurfaceType;IIIIIILjava/awt/Color;)V (145 bytes) @ 0x12070580 [0x120702e0+0x2a0]
J 18867 C2 sun.java2d.pipe.DrawImage.copyImage(Lsun/java2d/SunGraphics2D;Ljava/awt/Image;IILjava/awt/Color;)Z (105 bytes) @ 0x1220f92c [0x1220f780+0x1ac]
J 19322 C2 sun.java2d.SunGraphics2D.drawImage(Ljava/awt/Image;IILjava/awt/Color;Ljava/awt/image/ImageObserver;)Z (145 bytes) @ 0x116ac008 [0x116aba20+0x5e8]
J 20419 C2 javax.swing.RepaintManager$PaintManager.paintDoubleBuffered(Ljavax/swing/JComponent;Ljava/awt/Image;Ljava/awt/Graphics;IIII)V (294 bytes) @ 0x11c1331c [0x11c13080+0x29c]
J 22101 C2 javax.swing.JComponent.paint(Ljava/awt/Graphics;)V (409 bytes) @ 0x1297993c [0x12978b80+0xdbc]
j  java.awt.GraphicsCallback$PaintCallback.run(Ljava/awt/Component;Ljava/awt/Graphics;)V+2
J 22154 C1 sun.awt.SunGraphicsCallback.runOneComponent(Ljava/awt/Component;Ljava/awt/Rectangle;Ljava/awt/Graphics;Ljava/awt/Shape;I)V (177 bytes) @ 0x1297ef2c [0x1297dd20+0x120c]
J 22153 C1 sun.awt.SunGraphicsCallback.runComponents([Ljava/awt/Component;Ljava/awt/Graphics;I)V (204 bytes) @ 0x114a0e40 [0x1149ff80+0xec0]
J 22130 C1 java.awt.Container.paint(Ljava/awt/Graphics;)V (62 bytes) @ 0x0f1b6e48 [0x0f1b6520+0x928]
J 22133 C1 java.awt.Window.paint(Ljava/awt/Graphics;)V (72 bytes) @ 0x0f80e11c [0x0f80d800+0x91c]
J 22142 C1 com.intellij.openapi.wm.impl.IdeFrameImpl.paint(Ljava/awt/Graphics;)V (96 bytes) @ 0x12989c60 [0x12989280+0x9e0]
J 21425 C2 javax.swing.RepaintManager$4.run()Ljava/lang/Object; (5 bytes) @ 0x0f6ad198 [0x0f6acc80+0x518]
v  ~StubRoutines::call_stub
J 5073  java.security.AccessController.doPrivileged(Ljava/security/PrivilegedAction;Ljava/security/AccessControlContext;)Ljava/lang/Object; (0 bytes) @ 0x0fd66507 [0x0fd664a0+0x67]
J 14062 C1 javax.swing.RepaintManager.paintDirtyRegions(Ljava/util/Map;)V (196 bytes) @ 0x11570368 [0x1156f1a0+0x11c8]
J 14061 C1 javax.swing.RepaintManager.paintDirtyRegions()V (50 bytes) @ 0x1156ebd0 [0x1156e9c0+0x210]
J 14060 C1 javax.swing.RepaintManager.prePaintDirtyRegions()V (91 bytes) @ 0x115641a8 [0x11563c20+0x588]
J 21347 C1 javax.swing.RepaintManager$ProcessingRunnable.run()V (41 bytes) @ 0x106d83b0 [0x106d8100+0x2b0]
J 12584 C2 java.awt.EventQueue$3.run()Ljava/lang/Object; (5 bytes) @ 0x1118e578 [0x1118e320+0x258]
v  ~StubRoutines::call_stub
J 5073  java.security.AccessController.doPrivileged(Ljava/security/PrivilegedAction;Ljava/security/AccessControlContext;)Ljava/lang/Object; (0 bytes) @ 0x0fd66507 [0x0fd664a0+0x67]
J 21438 C2 com.intellij.ide.IdeEventQueue._dispatchEvent(Ljava/awt/AWTEvent;Z)V (924 bytes) @ 0x126241c4 [0x12622e60+0x1364]
J 17551 C2 com.intellij.ide.IdeEventQueue.dispatchEvent(Ljava/awt/AWTEvent;)V (555 bytes) @ 0x11f8b140 [0x11f8aa00+0x740]
J 20983 C2 java.awt.EventDispatchThread.pumpOneEventForFilters(I)V (295 bytes) @ 0x11834f40 [0x11834a80+0x4c0]
J 15225% C2 java.awt.EventDispatchThread.pumpEventsForFilter(ILjava/awt/Conditional;Ljava/awt/EventFilter;)V (47 bytes) @ 0x10c63378 [0x10c632a0+0xd8]
j  java.awt.EventDispatchThread.pumpEventsForHierarchy(ILjava/awt/Conditional;Ljava/awt/Component;)V+11
j  java.awt.EventDispatchThread.pumpEvents(ILjava/awt/Conditional;)V+4
j  java.awt.EventDispatchThread.pumpEvents(Ljava/awt/Conditional;)V+3
j  java.awt.EventDispatchThread.run()V+9
v  ~StubRoutines::call_stub

---------------  P R O C E S S  ---------------

Java Threads: ( => current thread )
  0x09117c00 JavaThread "JobScheduler FJ pool 4/8" daemon [_thread_blocked, id=9020, stack(0x42870000,0x42970000)]
  0x09118400 JavaThread "JobScheduler FJ pool 1/8" daemon [_thread_blocked, id=2196, stack(0x3fe10000,0x3ff10000)]
  0x09116800 JavaThread "JobScheduler FJ pool 0/8" daemon [_thread_blocked, id=7824, stack(0x3ee30000,0x3ef30000)]
  0x09117400 JavaThread "ApplicationImpl pooled thread 105" [_thread_blocked, id=10404, stack(0x0e300000,0x0e400000)]
  0x09115c00 JavaThread "ApplicationImpl pooled thread 101" [_thread_blocked, id=8640, stack(0x07cb0000,0x07db0000)]
  0x43bf0c00 JavaThread "Netty threadDeathWatcher-2-1" daemon [_thread_blocked, id=8440, stack(0x0e840000,0x0e940000)]
  0x43befc00 JavaThread "pool-2-thread-1" [_thread_blocked, id=9356, stack(0x3e940000,0x3ea40000)]
  0x42002400 JavaThread "Connector-Local" [_thread_in_native, id=7164, stack(0x3e640000,0x3e740000)]
  0x42001c00 JavaThread "pool-3-thread-1" [_thread_blocked, id=7036, stack(0x3e500000,0x3e600000)]
  0x42001400 JavaThread "Thread-2" daemon [_thread_in_native, id=6740, stack(0x3e300000,0x3e400000)]
  0x093e1800 JavaThread "TimerQueue" daemon [_thread_blocked, id=6244, stack(0x0e510000,0x0e610000)]
  0x093df800 JavaThread "Netty Builtin Server 2" [_thread_in_native, id=5248, stack(0x08390000,0x08490000)]
  0x097d2000 JavaThread "BaseDataReader: error stream of fsnotifier.exe" [_thread_in_native, id=6548, stack(0x0bdf0000,0x0bef0000)]
  0x097d1c00 JavaThread "BaseDataReader: output stream of fsnotifier.exe" [_thread_in_native, id=4244, stack(0x0bcb0000,0x0bdb0000)]
  0x08f04800 JavaThread "ProcessWaitFor: fsnotifier.exe" [_thread_in_native, id=7032, stack(0x0bb70000,0x0bc70000)]
=>0x08e6f400 JavaThread "AWT-EventQueue-0 2016.2.3#WS-162.1812.21 WebStorm, eap:false, os:Windows 7 6.1, java-version:JetBrains s.r.o 1.8.0_112-release-b343" [_thread_in_native, id=3184, stack(0x0a540000,0x0a640000)]
  0x091a1400 JavaThread "AWT-Shutdown" [_thread_blocked, id=8856, stack(0x0a300000,0x0a400000)]
  0x091a0c00 JavaThread "Periodic tasks thread" [_thread_blocked, id=8620, stack(0x0a1c0000,0x0a2c0000)]
  0x06549400 JavaThread "Netty Builtin Server 1" [_thread_in_native, id=4616, stack(0x07340000,0x07440000)]
  0x05e96800 JavaThread "AWT-Windows" daemon [_thread_in_native, id=9096, stack(0x06a30000,0x06b30000)]
  0x05e9f400 JavaThread "Java2D Disposer" daemon [_thread_blocked, id=9692, stack(0x067f0000,0x068f0000)]
  0x0498fc00 JavaThread "Service Thread" daemon [_thread_blocked, id=9912, stack(0x058f0000,0x059f0000)]
  0x04939000 JavaThread "C1 CompilerThread3" daemon [_thread_blocked, id=10228, stack(0x057b0000,0x058b0000)]
  0x04926800 JavaThread "C2 CompilerThread2" daemon [_thread_blocked, id=5896, stack(0x05670000,0x05770000)]
  0x04926000 JavaThread "C2 CompilerThread1" daemon [_thread_blocked, id=7280, stack(0x05530000,0x05630000)]
  0x04922400 JavaThread "C2 CompilerThread0" daemon [_thread_blocked, id=8500, stack(0x053f0000,0x054f0000)]
  0x04915c00 JavaThread "Attach Listener" daemon [_thread_blocked, id=8772, stack(0x051b0000,0x052b0000)]
  0x04915000 JavaThread "Signal Dispatcher" daemon [_thread_blocked, id=9772, stack(0x05070000,0x05170000)]
  0x04912400 JavaThread "Surrogate Locker Thread (Concurrent GC)" daemon [_thread_blocked, id=6072, stack(0x04f30000,0x05030000)]
  0x04910400 JavaThread "Finalizer" daemon [_thread_blocked, id=5612, stack(0x04d30000,0x04e30000)]
  0x0338d400 JavaThread "Reference Handler" daemon [_thread_blocked, id=3928, stack(0x047f0000,0x048f0000)]
  0x002cd000 JavaThread "main" [_thread_blocked, id=7864, stack(0x00090000,0x00190000)]

Other Threads:
  0x03387800 VMThread [stack: 0x046b0000,0x047b0000] [id=1320]
  0x04964800 WatcherThread [stack: 0x05a30000,0x05b30000] [id=4328]

VM state:not at safepoint (normal execution)

VM Mutex/Monitor currently owned by a thread: None

Heap:
 par new generation   total 39296K, used 26785K [0x1e200000, 0x20ca0000, 0x28ca0000)
  eden space 34944K,  67% used [0x1e200000, 0x1f8ddc68, 0x20420000)
  from space 4352K,  77% used [0x20420000, 0x2076a980, 0x20860000)
  to   space 4352K,   0% used [0x20860000, 0x20860000, 0x20ca0000)
 concurrent mark-sweep generation total 117244K, used 79612K [0x28ca0000, 0x2ff1f000, 0x3e200000)
 Metaspace       used 79381K, capacity 82032K, committed 82048K, reserved 82304K

Card table byte_map: [0x03090000,0x031a0000] byte_map_base: 0x02f9f000

Marking Bits: (CMSBitMap*) 0x020cef70
 Bits: [0x033a0000, 0x03e4b000)

Mod Union Table: (CMSBitMap*) 0x020cefd0
 Bits: [0x003e0000, 0x003f5560)

Polling page: 0x00250000

CodeCache: size=245760Kb used=62067Kb max_used=62120Kb free=183692Kb
 bounds [0x0f010000, 0x12d20000, 0x1e010000]
 total_blobs=17177 nmethods=16805 adapters=282
 compilation: enabled

Compilation events (10 events):
Event: 59154.964 Thread 0x04926000 23117       4       com.intellij.openapi.editor.impl.EditorImpl::getSoftWrapModel (5 bytes)
Event: 59154.966 Thread 0x04926000 nmethod 23117 0x0f998788 code [0x0f998880, 0x0f9988d0]
Event: 59155.296 Thread 0x04922400 23118   !   4       com.intellij.psi.impl.file.impl.FileManagerImpl::findCachedViewProvider (83 bytes)
Event: 59155.330 Thread 0x04922400 nmethod 23118 0x1091af08 code [0x1091b0c0, 0x1091ba44]
Event: 59180.122 Thread 0x04939000 23119       1       javax.swing.plaf.basic.BasicScrollBarUI::getMaximumThumbSize (5 bytes)
Event: 59180.123 Thread 0x04939000 nmethod 23119 0x114dea48 code [0x114deb40, 0x114debe0]
Event: 59180.125 Thread 0x04939000 23120       3       com.intellij.openapi.editor.impl.EditorMarkupModelImpl::access$1400 (4 bytes)
Event: 59180.126 Thread 0x04939000 nmethod 23120 0x128f6708 code [0x128f6840, 0x128f69ac]
Event: 59180.128 Thread 0x04939000 23121       3       com.intellij.openapi.editor.impl.EditorMarkupModelImpl::h (6 bytes)
Event: 59180.128 Thread 0x04939000 nmethod 23121 0x0f31f9c8 code [0x0f31fb00, 0x0f31fc2c]

GC Heap History (10 events):
Event: 58736.915 GC heap before
{Heap before GC invocations=93 (full 6):
 par new generation   total 39296K, used 36715K [0x1e200000, 0x20ca0000, 0x28ca0000)
  eden space 34944K, 100% used [0x1e200000, 0x20420000, 0x20420000)
  from space 4352K,  40% used [0x20860000, 0x20a1afc0, 0x20ca0000)
  to   space 4352K,   0% used [0x20420000, 0x20420000, 0x20860000)
 concurrent mark-sweep generation total 117244K, used 74249K [0x28ca0000, 0x2ff1f000, 0x3e200000)
 Metaspace       used 78250K, capacity 80803K, committed 81280K, reserved 81280K
Event: 58736.923 GC heap after
Heap after GC invocations=94 (full 6):
 par new generation   total 39296K, used 1959K [0x1e200000, 0x20ca0000, 0x28ca0000)
  eden space 34944K,   0% used [0x1e200000, 0x1e200000, 0x20420000)
  from space 4352K,  45% used [0x20420000, 0x20609d58, 0x20860000)
  to   space 4352K,   0% used [0x20860000, 0x20860000, 0x20ca0000)
 concurrent mark-sweep generation total 117244K, used 74249K [0x28ca0000, 0x2ff1f000, 0x3e200000)
 Metaspace       used 78250K, capacity 80803K, committed 81280K, reserved 81280K
}
Event: 58811.473 GC heap before
{Heap before GC invocations=94 (full 6):
 par new generation   total 39296K, used 36903K [0x1e200000, 0x20ca0000, 0x28ca0000)
  eden space 34944K, 100% used [0x1e200000, 0x20420000, 0x20420000)
  from space 4352K,  45% used [0x20420000, 0x20609d58, 0x20860000)
  to   space 4352K,   0% used [0x20860000, 0x20860000, 0x20ca0000)
 concurrent mark-sweep generation total 117244K, used 74249K [0x28ca0000, 0x2ff1f000, 0x3e200000)
 Metaspace       used 78251K, capacity 80803K, committed 81280K, reserved 81280K
Event: 58811.487 GC heap after
Heap after GC invocations=95 (full 6):
 par new generation   total 39296K, used 1812K [0x1e200000, 0x20ca0000, 0x28ca0000)
  eden space 34944K,   0% used [0x1e200000, 0x1e200000, 0x20420000)
  from space 4352K,  41% used [0x20860000, 0x20a25220, 0x20ca0000)
  to   space 4352K,   0% used [0x20420000, 0x20420000, 0x20860000)
 concurrent mark-sweep generation total 117244K, used 74581K [0x28ca0000, 0x2ff1f000, 0x3e200000)
 Metaspace       used 78251K, capacity 80803K, committed 81280K, reserved 81280K
}
Event: 58834.894 GC heap before
{Heap before GC invocations=95 (full 6):
 par new generation   total 39296K, used 36756K [0x1e200000, 0x20ca0000, 0x28ca0000)
  eden space 34944K, 100% used [0x1e200000, 0x20420000, 0x20420000)
  from space 4352K,  41% used [0x20860000, 0x20a25220, 0x20ca0000)
  to   space 4352K,   0% used [0x20420000, 0x20420000, 0x20860000)
 concurrent mark-sweep generation total 117244K, used 74581K [0x28ca0000, 0x2ff1f000, 0x3e200000)
 Metaspace       used 78810K, capacity 81362K, committed 81792K, reserved 82304K
Event: 58834.923 GC heap after
Heap after GC invocations=96 (full 6):
 par new generation   total 39296K, used 4352K [0x1e200000, 0x20ca0000, 0x28ca0000)
  eden space 34944K,   0% used [0x1e200000, 0x1e200000, 0x20420000)
  from space 4352K, 100% used [0x20420000, 0x20860000, 0x20860000)
  to   space 4352K,   0% used [0x20860000, 0x20860000, 0x20ca0000)
 concurrent mark-sweep generation total 117244K, used 76487K [0x28ca0000, 0x2ff1f000, 0x3e200000)
 Metaspace       used 78810K, capacity 81362K, committed 81792K, reserved 82304K
}
Event: 58896.002 GC heap before
{Heap before GC invocations=96 (full 6):
 par new generation   total 39296K, used 39296K [0x1e200000, 0x20ca0000, 0x28ca0000)
  eden space 34944K, 100% used [0x1e200000, 0x20420000, 0x20420000)
  from space 4352K, 100% used [0x20420000, 0x20860000, 0x20860000)
  to   space 4352K,   0% used [0x20860000, 0x20860000, 0x20ca0000)
 concurrent mark-sweep generation total 117244K, used 76487K [0x28ca0000, 0x2ff1f000, 0x3e200000)
 Metaspace       used 79119K, capacity 81665K, committed 82048K, reserved 82304K
Event: 58896.041 GC heap after
Heap after GC invocations=97 (full 6):
 par new generation   total 39296K, used 2940K [0x1e200000, 0x20ca0000, 0x28ca0000)
  eden space 34944K,   0% used [0x1e200000, 0x1e200000, 0x20420000)
  from space 4352K,  67% used [0x20860000, 0x20b3f2a8, 0x20ca0000)
  to   space 4352K,   0% used [0x20420000, 0x20420000, 0x20860000)
 concurrent mark-sweep generation total 117244K, used 79612K [0x28ca0000, 0x2ff1f000, 0x3e200000)
 Metaspace       used 79119K, capacity 81665K, committed 82048K, reserved 82304K
}
Event: 59146.309 GC heap before
{Heap before GC invocations=97 (full 6):
 par new generation   total 39296K, used 37884K [0x1e200000, 0x20ca0000, 0x28ca0000)
  eden space 34944K, 100% used [0x1e200000, 0x20420000, 0x20420000)
  from space 4352K,  67% used [0x20860000, 0x20b3f2a8, 0x20ca0000)
  to   space 4352K,   0% used [0x20420000, 0x20420000, 0x20860000)
 concurrent mark-sweep generation total 117244K, used 79612K [0x28ca0000, 0x2ff1f000, 0x3e200000)
 Metaspace       used 79190K, capacity 81790K, committed 82048K, reserved 82304K
Event: 59146.326 GC heap after
Heap after GC invocations=98 (full 6):
 par new generation   total 39296K, used 3370K [0x1e200000, 0x20ca0000, 0x28ca0000)
  eden space 34944K,   0% used [0x1e200000, 0x1e200000, 0x20420000)
  from space 4352K,  77% used [0x20420000, 0x2076a980, 0x20860000)
  to   space 4352K,   0% used [0x20860000, 0x20860000, 0x20ca0000)
 concurrent mark-sweep generation total 117244K, used 79612K [0x28ca0000, 0x2ff1f000, 0x3e200000)
 Metaspace       used 79190K, capacity 81790K, committed 82048K, reserved 82304K
}

Deoptimization events (10 events):
Event: 58835.182 Thread 0x08e6f400 Uncommon trap: reason=unstable_if action=reinterpret pc=0x1240f690 method=com.intellij.openapi.editor.impl.view.IterationState.e()V @ 260
Event: 58835.195 Thread 0x09117c00 Uncommon trap: reason=bimorphic action=maybe_recompile pc=0x12670534 method=com.intellij.psi.impl.file.impl.FileManagerImpl.findFile(Lcom/intellij/openapi/vfs/VirtualFile;)Lcom/intellij/psi/PsiFile; @ 42
Event: 58835.195 Thread 0x09117c00 Uncommon trap: reason=class_check action=maybe_recompile pc=0x1078172c method=com.intellij.psi.impl.file.impl.FileManagerImpl.findViewProvider(Lcom/intellij/openapi/vfs/VirtualFile;)Lcom/intellij/psi/FileViewProvider; @ 48
Event: 58835.197 Thread 0x09117c00 Uncommon trap: reason=bimorphic action=maybe_recompile pc=0x12670534 method=com.intellij.psi.impl.file.impl.FileManagerImpl.findFile(Lcom/intellij/openapi/vfs/VirtualFile;)Lcom/intellij/psi/PsiFile; @ 42
Event: 58835.197 Thread 0x09117c00 Uncommon trap: reason=class_check action=maybe_recompile pc=0x1078172c method=com.intellij.psi.impl.file.impl.FileManagerImpl.findViewProvider(Lcom/intellij/openapi/vfs/VirtualFile;)Lcom/intellij/psi/FileViewProvider; @ 48
Event: 58835.197 Thread 0x09117c00 Uncommon trap: reason=unstable_if action=reinterpret pc=0x10f64f84 method=com.intellij.openapi.roots.impl.DirectoryIndexImpl.getInfoForFile(Lcom/intellij/openapi/vfs/VirtualFile;)Lcom/intellij/openapi/roots/impl/DirectoryInfo; @ 53
Event: 58835.197 Thread 0x09117c00 Uncommon trap: reason=unstable_if action=reinterpret pc=0x1071ae84 method=com.intellij.openapi.roots.impl.DirectoryIndexImpl.getInfoForFile(Lcom/intellij/openapi/vfs/VirtualFile;)Lcom/intellij/openapi/roots/impl/DirectoryInfo; @ 53
Event: 58835.197 Thread 0x09117c00 Uncommon trap: reason=speculate_class_check action=maybe_recompile pc=0x0fedf8c8 method=com.intellij.openapi.util.UserDataHolderBase.getUserData(Lcom/intellij/openapi/util/Key;)Ljava/lang/Object; @ 41
Event: 58835.226 Thread 0x093e0800 Uncommon trap: reason=class_check action=maybe_recompile pc=0x12b027c4 method=com.intellij.lang.folding.LanguageFolding.forLanguage(Lcom/intellij/lang/Language;)Lcom/intellij/lang/folding/FoldingBuilder; @ 65
Event: 58901.075 Thread 0x09117c00 Uncommon trap: reason=unstable_if action=reinterpret pc=0x110178fc method=com.intellij.psi.impl.source.tree.injected.InjectedPsiCachedValueProvider$MyInjProcessor.process(Lcom/intellij/psi/PsiElement;Lcom/intellij/lang/injection/MultiHostInjector;)Z @ 47

Internal exceptions (10 events):
Event: 57218.853 Thread 0x08e6f400 Exception <a 'java/lang/ArrayIndexOutOfBoundsException': 152> (0x1f20cdb8) thrown at [C:\BuildAgent\work\da532463962b89c0\hotspot\src\share\vm\interpreter\interpreterRuntime.cpp, line 366]
Event: 57229.135 Thread 0x08e6f400 Implicit null exception at 0x11bc98a0 to 0x11bca11d
Event: 57244.790 Thread 0x093df800 Exception <a 'java/io/FileNotFoundException'> (0x1e4e3990) thrown at [C:\BuildAgent\work\da532463962b89c0\hotspot\src\share\vm\prims\jni.cpp, line 709]
Event: 57244.790 Thread 0x093df800 Exception <a 'java/io/FileNotFoundException'> (0x1e4e45b0) thrown at [C:\BuildAgent\work\da532463962b89c0\hotspot\src\share\vm\prims\jni.cpp, line 709]
Event: 57245.514 Thread 0x08e6f400 Implicit null exception at 0x0fe19fd5 to 0x0fe1a6dd
Event: 58291.553 Thread 0x09117400 Implicit null exception at 0x0fad7a12 to 0x0fad7ac9
Event: 58834.337 Thread 0x09117000 Exception <a 'java/lang/NoSuchMethodError': java.lang.Object.lambda$static$0(I)[Lcom/intellij/lang/javascript/psi/ecma6/JSTypeDeclaration;> (0x1f16edc8) thrown at [C:\BuildAgent\work\da532463962b89c0\hotspot\src\share\vm\interpreter\linkResolver.cpp, line ë­ü_ºì@
Event: 58835.000 Thread 0x09118400 Implicit null exception at 0x12213b0c to 0x12213f65
Event: 58835.158 Thread 0x09118400 Exception <a 'java/lang/ArrayIndexOutOfBoundsException': 79> (0x1eeea758) thrown at [C:\BuildAgent\work\da532463962b89c0\hotspot\src\share\vm\interpreter\interpreterRuntime.cpp, line 366]
Event: 58835.213 Thread 0x09117c00 Exception <a 'java/lang/NoSuchMethodError': java.lang.Object.lambda$static$0(I)[Lcom/intellij/psi/css/CssDeclaration;> (0x1f371820) thrown at [C:\BuildAgent\work\da532463962b89c0\hotspot\src\share\vm\interpreter\linkResolver.cpp, line 582]

Events (10 events):
Event: 59180.128 Thread 0x04939000 flushing nmethod 0x0f443ac8
Event: 59180.128 Thread 0x04939000 flushing nmethod 0x0f4460c8
Event: 59180.128 Thread 0x04939000 flushing nmethod 0x0f454988
Event: 59180.128 Thread 0x04939000 flushing nmethod 0x0f457908
Event: 59180.129 Thread 0x04939000 flushing nmethod 0x0f468048
Event: 59180.129 Thread 0x04939000 flushing nmethod 0x0f486fc8
Event: 59180.130 Thread 0x04939000 flushing nmethod 0x0f589288
Event: 59180.130 Thread 0x04939000 flushing nmethod 0x0f5a3488
Event: 59180.131 Thread 0x04939000 flushing nmethod 0x0f64a288
Event: 59180.131 Thread 0x04939000 flushing nmethod 0x0f657288


Dynamic libraries:
0x00400000 - 0x00543000 	C:\Program Files (x86)\JetBrains\WebStorm 2016.2.3\bin\WebStorm.exe
0x77960000 - 0x77ae0000 	C:\Windows\SysWOW64\ntdll.dll
0x752d0000 - 0x753e0000 	C:\Windows\syswow64\kernel32.dll
0x77090000 - 0x770d7000 	C:\Windows\syswow64\KERNELBASE.dll
0x76f80000 - 0x77080000 	C:\Windows\syswow64\USER32.dll
0x76620000 - 0x766b0000 	C:\Windows\syswow64\GDI32.dll
0x76dc0000 - 0x76dca000 	C:\Windows\syswow64\LPK.dll
0x75400000 - 0x7549d000 	C:\Windows\syswow64\USP10.dll
0x770f0000 - 0x7719c000 	C:\Windows\syswow64\msvcrt.dll
0x77450000 - 0x774f1000 	C:\Windows\syswow64\ADVAPI32.dll
0x75660000 - 0x75679000 	C:\Windows\SysWOW64\sechost.dll
0x76950000 - 0x76a40000 	C:\Windows\syswow64\RPCRT4.dll
0x75270000 - 0x752d0000 	C:\Windows\syswow64\SspiCli.dll
0x75260000 - 0x7526c000 	C:\Windows\syswow64\CRYPTBASE.dll
0x75850000 - 0x7649c000 	C:\Windows\syswow64\SHELL32.dll
0x768b0000 - 0x76907000 	C:\Windows\syswow64\SHLWAPI.dll
0x76f20000 - 0x76f80000 	C:\Windows\system32\IMM32.DLL
0x766b0000 - 0x7677c000 	C:\Windows\syswow64\MSCTF.dll
0x73ab0000 - 0x73ada000 	C:\Windows\SysWOW64\nvinit.dll
0x0f000000 - 0x0f006000 	C:\Program Files (x86)\NVIDIA Corporation\CoProcManager\_etoured.dll
0x6bb10000 - 0x6bb63000 	C:\Program Files (x86)\NVIDIA Corporation\CoProcManager\nvd3d9wrap.dll
0x754c0000 - 0x7565d000 	C:\Windows\syswow64\SETUPAPI.dll
0x76c80000 - 0x76ca7000 	C:\Windows\syswow64\CFGMGR32.dll
0x76cb0000 - 0x76d3f000 	C:\Windows\syswow64\OLEAUT32.dll
0x756e0000 - 0x7583d000 	C:\Windows\syswow64\ole32.dll
0x754a0000 - 0x754b2000 	C:\Windows\syswow64\DEVOBJ.dll
0x6ba40000 - 0x6ba7b000 	C:\Program Files (x86)\NVIDIA Corporation\CoProcManager\nvdxgiwrap.dll
0x07490000 - 0x07a6f000 	C:\Program Files (x86)\JetBrains\WebStorm 2016.2.3\jre\jre\bin\server\jvm.dll
0x71d60000 - 0x71d67000 	C:\Windows\system32\WSOCK32.dll
0x77500000 - 0x77535000 	C:\Windows\syswow64\WS2_32.dll
0x76910000 - 0x76916000 	C:\Windows\syswow64\NSI.dll
0x71ef0000 - 0x71f22000 	C:\Windows\system32\WINMM.dll
0x73df0000 - 0x73df9000 	C:\Windows\system32\VERSION.dll
0x76530000 - 0x76535000 	C:\Windows\syswow64\PSAPI.DLL
0x6fb60000 - 0x6fc1f000 	C:\Windows\system32\MSVCR100.dll
0x727f0000 - 0x727fc000 	C:\Program Files (x86)\JetBrains\WebStorm 2016.2.3\jre\jre\bin\verify.dll
0x77f40000 - 0x77f61000 	C:\Program Files (x86)\JetBrains\WebStorm 2016.2.3\jre\jre\bin\java.dll
0x727b0000 - 0x727c3000 	C:\Program Files (x86)\JetBrains\WebStorm 2016.2.3\jre\jre\bin\zip.dll
0x75680000 - 0x7568b000 	C:\Windows\syswow64\profapi.dll
0x77fe0000 - 0x77ff6000 	C:\Program Files (x86)\JetBrains\WebStorm 2016.2.3\jre\jre\bin\net.dll
0x73980000 - 0x739bc000 	C:\Windows\system32\mswsock.dll
0x73740000 - 0x73746000 	C:\Windows\System32\wship6.dll
0x55210000 - 0x5521f000 	C:\Program Files (x86)\JetBrains\WebStorm 2016.2.3\jre\jre\bin\nio.dll
0x77e00000 - 0x77f40000 	C:\Program Files (x86)\JetBrains\WebStorm 2016.2.3\jre\jre\bin\awt.dll
0x71bc0000 - 0x71c44000 	C:\Windows\WinSxS\x86_microsoft.windows.common-controls_6595b64144ccf1df_5.82.7601.18837_none_ec86b8d6858ec0bc\COMCTL32.dll
0x6b350000 - 0x6b3d0000 	C:\Windows\system32\uxtheme.dll
0x6af50000 - 0x6af63000 	C:\Windows\system32\dwmapi.dll
0x06db0000 - 0x06e24000 	C:\Program Files (x86)\JetBrains\WebStorm 2016.2.3\jre\jre\bin\freetype.dll
0x06e30000 - 0x06eb8000 	C:\Program Files (x86)\JetBrains\WebStorm 2016.2.3\jre\jre\bin\fontmanager.dll
0x73970000 - 0x73975000 	C:\Windows\System32\wshtcpip.dll
0x73950000 - 0x73967000 	C:\Windows\system32\CRYPTSP.dll
0x73910000 - 0x7394b000 	C:\Windows\system32\rsaenh.dll
0x77540000 - 0x77557000 	C:\Windows\syswow64\USERENV.dll
0x73760000 - 0x7377c000 	C:\Windows\system32\IPHLPAPI.DLL
0x73750000 - 0x73757000 	C:\Windows\system32\WINNSI.DLL
0x73730000 - 0x7373d000 	C:\Windows\system32\dhcpcsvc6.DLL
0x73710000 - 0x73722000 	C:\Windows\system32\dhcpcsvc.DLL
0x77df0000 - 0x77dfa000 	C:\Program Files (x86)\JetBrains\WebStorm 2016.2.3\jre\jre\bin\management.dll
0x07440000 - 0x0747d000 	C:\Users\shwen\.WebStorm2016.2\system\tmp\jna3992648499871701497.dll
0x77de0000 - 0x77ded000 	C:\Program Files (x86)\JetBrains\WebStorm 2016.2.3\bin\IdeaWin32.dll
0x06b30000 - 0x06b39000 	C:\Program Files (x86)\JetBrains\WebStorm 2016.2.3\bin\focuskiller.dll
0x09c20000 - 0x09ce8000 	C:\Windows\system32\opengl32.dll
0x09e00000 - 0x09e22000 	C:\Windows\system32\GLU32.dll
0x55320000 - 0x55407000 	C:\Windows\system32\DDRAW.dll
0x552c0000 - 0x552c6000 	C:\Windows\system32\DCIMAN32.dll
0x05db0000 - 0x05de1000 	C:\Program Files (x86)\JetBrains\WebStorm 2016.2.3\jre\jre\bin\splashscreen.dll
0x0a640000 - 0x0a670000 	C:\Program Files (x86)\JetBrains\WebStorm 2016.2.3\jre\jre\bin\lcms.dll
0x77dd0000 - 0x77dd6000 	C:\Program Files (x86)\JetBrains\WebStorm 2016.2.3\jre\jre\bin\jawt.dll
0x71650000 - 0x7169c000 	C:\Windows\system32\apphelp.dll
0x07ff0000 - 0x08010000 	C:\Program Files (x86)\JetBrains\WebStorm 2016.2.3\jre\jre\bin\sunec.dll
0x06b40000 - 0x06b49000 	C:\Program Files (x86)\JetBrains\WebStorm 2016.2.3\jre\jre\bin\sunmscapi.dll
0x76780000 - 0x768a1000 	C:\Windows\syswow64\CRYPT32.dll
0x76540000 - 0x7654c000 	C:\Windows\syswow64\MSASN1.dll
0x71d00000 - 0x71d10000 	C:\Windows\system32\NLAapi.dll
0x71cf0000 - 0x71d00000 	C:\Windows\system32\napinsp.dll
0x71cd0000 - 0x71ce2000 	C:\Windows\system32\pnrpnsp.dll
0x71c80000 - 0x71cc4000 	C:\Windows\system32\DNSAPI.dll
0x71c70000 - 0x71c78000 	C:\Windows\System32\winrnr.dll
0x71c60000 - 0x71c6d000 	C:\Windows\system32\wshbth.dll
0x63560000 - 0x63568000 	C:\Program Files (x86)\National Instruments\Shared\mDNS Responder\nimdnsNSP.dll
0x63550000 - 0x63559000 	C:\Windows\system32\nimdnsResponder.dll
0x72150000 - 0x721f3000 	C:\Windows\WinSxS\x86_microsoft.vc90.crt_1fc8b3b9a1e18e3b_9.0.30729.6161_none_50934f2ebcb7eb57\MSVCR90.dll
0x736d0000 - 0x73708000 	C:\Windows\System32\fwpuclnt.dll
0x71c50000 - 0x71c56000 	C:\Windows\system32\rasadhlp.dll
0x764a0000 - 0x76523000 	C:\Windows\syswow64\CLBCatQ.DLL
0x718f0000 - 0x71a8e000 	C:\Windows\WinSxS\x86_microsoft.windows.common-controls_6595b64144ccf1df_6.0.7601.18837_none_41e855142bd5705d\comctl32.dll
0x5c940000 - 0x5ca71000 	C:\Windows\system32\WindowsCodecs.dll
0x40710000 - 0x408b9000 	C:\Program Files (x86)\MICROS~2\Office15\GROOVEEX.DLL
0x6f5a0000 - 0x6f609000 	C:\Windows\system32\MSVCP100.dll
0x69f90000 - 0x69fb6000 	C:\Windows\system32\ATL100.DLL
0x71290000 - 0x714d6000 	C:\Windows\system32\msi.dll
0x65630000 - 0x65ead000 	C:\Program Files (x86)\MICROS~2\Office15\1033\GrooveIntlResource.dll
0x0e640000 - 0x0e671000 	C:\Windows\system32\EhStorShell.dll
0x717f0000 - 0x718e5000 	C:\Windows\system32\PROPSYS.dll
0x6e640000 - 0x6e6b0000 	C:\Windows\system32\ntshrui.dll
0x71020000 - 0x71039000 	C:\Windows\system32\srvcli.dll
0x0e680000 - 0x0e68b000 	C:\Windows\system32\cscapi.dll
0x73650000 - 0x7365a000 	C:\Windows\system32\slc.dll
0x0cfe0000 - 0x0cfe6000 	C:\Windows\system32\IconCodecService.dll
0x44f20000 - 0x44fa4000 	\\?\C:\Program Files (x86)\JETBRA~1\WEBSTO~1.3\lib\libpty\win\x86\winpty.dll
0x72690000 - 0x72693000 	C:\Windows\system32\api-ms-win-core-synch-l1-2-0.DLL
0x717c0000 - 0x717e1000 	C:\Windows\system32\ntmarta.dll
0x75690000 - 0x756d5000 	C:\Windows\syswow64\WLDAP32.dll
0x739c0000 - 0x73aab000 	C:\Windows\system32\dbghelp.dll

VM Arguments:
jvm_args: -Xms128m -Xmx512m -XX:ReservedCodeCacheSize=240m -XX:+UseConcMarkSweepGC -XX:SoftRefLRUPolicyMSPerMB=50 -ea -Dsun.io.useCanonCaches=false -Djava.net.preferIPv4Stack=true -XX:+HeapDumpOnOutOfMemoryError -XX:-OmitStackTraceInFastThrow -Djb.vmOptionsFile=C:\Program Files (x86)\JetBrains\WebStorm 2016.2.3\bin\WebStorm.exe.vmoptions -Xbootclasspath/a:C:\Program Files (x86)\JetBrains\WebStorm 2016.2.3\lib\boot.jar -Didea.platform.prefix=WebStorm -Didea.paths.selector=WebStorm2016.2 -XX:ErrorFile=C:\Users\shwen\java_error_in_webstorm_%p.log -XX:HeapDumpPath=C:\Users\shwen\java_error_in_webstorm.hprof 
java_command: <unknown>
java_class_path (initial): C:\Program Files (x86)\JetBrains\WebStorm 2016.2.3\lib\bootstrap.jar;C:\Program Files (x86)\JetBrains\WebStorm 2016.2.3\lib\extensions.jar;C:\Program Files (x86)\JetBrains\WebStorm 2016.2.3\lib\util.jar;C:\Program Files (x86)\JetBrains\WebStorm 2016.2.3\lib\jdom.jar;C:\Program Files (x86)\JetBrains\WebStorm 2016.2.3\lib\log4j.jar;C:\Program Files (x86)\JetBrains\WebStorm 2016.2.3\lib\trove4j.jar;C:\Program Files (x86)\JetBrains\WebStorm 2016.2.3\lib\jna.jar
Launcher Type: generic

Environment Variables:
PATH=C:\ProgramData\Oracle\Java\javapath;C:\Windows\system32;C:\Windows;C:\Windows\System32\Wbem;C:\Windows\System32\WindowsPowerShell\v1.0\;C:\Program Files (x86)\OpenText\Viewer\bin;C:\Program Files\IVI Foundation\VISA\Win64\Bin\;C:\Program Files (x86)\IVI Foundation\VISA\WinNT\Bin\;C:\Program Files (x86)\IVI Foundation\VISA\WinNT\Bin;C:\Windows\system32\config\systemprofile\.dnx\bin;C:\Program Files\Microsoft DNX\Dnvm\;C:\Program Files (x86)\Windows Kits\8.1\Windows Performance Toolkit\;C:\Program Files (x86)\Brackets\command;C:\Program Files\nodejs\;C:\Users\shwen\.dnx\bin;C:\Users\shwen\AppData\Roaming\npm
USERNAME=Shwen
OS=Windows_NT
PROCESSOR_IDENTIFIER=Intel64 Family 6 Model 60 Stepping 3, GenuineIntel



---------------  S Y S T E M  ---------------

OS: Windows 7 , 64 bit Build 7601 (6.1.7601.23539)

CPU:total 8 (4 cores per cpu, 2 threads per core) family 6 model 60 stepping 3, cmov, cx8, fxsr, mmx, sse, sse2, sse3, ssse3, sse4.1, sse4.2, popcnt, avx, avx2, aes, clmul, erms, lzcnt, ht, tsc, tscinvbit, bmi1, bmi2

Memory: 4k page, physical 8291528k(2145752k free), swap 16581196k(8927900k free)

vm_info: OpenJDK Server VM (25.112-b343) for windows-x86 JRE (1.8.0_112-release-b343), built on Sep  2 2016 20:25:30 by "builduser" with MS VC++ 10.0 (VS2010)

time: Fri Sep 23 09:31:58 2016
elapsed time: 59181 seconds (0d 16h 26m 21s)

