#
# A fatal error has been detected by the Java Runtime Environment:
#
#  EXCEPTION_ACCESS_VIOLATION (0xc0000005) at pc=0x55f09a31, pid=10312, tid=0x00001ea8
#
# JRE version: OpenJDK Runtime Environment (8.0_112-b02) (build 1.8.0_112-release-408-b2)
# Java VM: OpenJDK Server VM (25.112-b2 mixed mode windows-x86 )
# Problematic frame:
# C  [awt.dll+0xa9a31]
#
# Failed to write core dump. Minidumps are not enabled by default on client versions of Windows
#
# If you would like to submit a bug report, please visit:
#   http://bugreport.java.com/bugreport/crash.jsp
# The crash happened outside the Java Virtual Machine in native code.
# See problematic frame for where to report the bug.
#

---------------  T H R E A D  ---------------

Current thread (0x06266400):  JavaThread "AWT-EventQueue-0 2016.3#WS-163.7743.25 WebStorm, eap:false, os:Windows 7 6.1, java-version:JetBrains s.r.o 1.8.0_112-release-408-b2" [_thread_in_native, id=7848, stack(0x09080000,0x09180000)]

siginfo: ExceptionCode=0xc0000005, reading address 0x00000004

Registers:
EAX=0x0000000d, EBX=0x310128a1, ECX=0x00000000, EDX=0x00000000
ESP=0x0917e178, EBP=0x75684f70, ESI=0x062abcb0, EDI=0x418e0f00
EIP=0x55f09a31, EFLAGS=0x00010297

Top of Stack: (sp=0x0917e178)
0x0917e178:   55e8e936 310128a1 418e0f00 06266530
0x0917e188:   0917e248 0917e700 55ebb32b 06266530
0x0917e198:   418e0f00 0917e700 55ebb342 00000001
0x0917e1a8:   00000000 00000000 55e8bb85 06266530
0x0917e1b8:   0917e700 06266400 2927bb38 00000000
0x0917e1c8:   00000007 00000014 06266400 3f5f5a08
0x0917e1d8:   0917e704 06266530 2b73bb10 00000017
0x0917e1e8:   00000003 28eace48 2b73bae0 2b73ba98 

Instructions: (pc=0x55f09a31)
0x55f09a11:   00 00 c3 8b 41 04 8b 80 0c 0c 00 00 c3 8b 01 83
0x55f09a21:   78 04 08 7e 03 33 c0 c3 8b 49 04 e9 58 eb fe ff
0x55f09a31:   8b 49 04 85 c9 74 05 e9 66 e9 fe ff 33 c0 c2 04
0x55f09a41:   00 8b 49 04 85 c9 74 05 e9 7b e9 fe ff c2 04 00 


Register to memory mapping:

EAX=0x0000000d is an unknown value
EBX=0x310128a1 is an unknown value
ECX=0x00000000 is an unknown value
EDX=0x00000000 is an unknown value
ESP=0x0917e178 is pointing into the stack for thread: 0x06266400
EBP=0x75684f70 is an unknown value
ESI=0x062abcb0 is an unknown value
EDI=0x418e0f00 is an unknown value


Stack: [0x09080000,0x09180000],  sp=0x0917e178,  free space=1016k
Native frames: (J=compiled Java code, j=interpreted, Vv=VM code, C=native code)
C  [awt.dll+0xa9a31]

Java frames: (J=compiled Java code, j=interpreted, Vv=VM code)
J 2999  sun.java2d.windows.GDIBlitLoops.nativeBlit(Lsun/java2d/SurfaceData;Lsun/java2d/SurfaceData;Lsun/java2d/pipe/Region;IIIIIIIIIZ)V (0 bytes) @ 0x0f6a70e8 [0x0f6a7020+0xc8]
J 25159 C2 sun.java2d.windows.GDIBlitLoops.Blit(Lsun/java2d/SurfaceData;Lsun/java2d/SurfaceData;Ljava/awt/Composite;Lsun/java2d/pipe/Region;IIIIII)V (37 bytes) @ 0x10f489f8 [0x10f48980+0x78]
J 7444 C2 sun.java2d.SunGraphics2D.drawImage(Ljava/awt/Image;IILjava/awt/image/ImageObserver;)Z (11 bytes) @ 0x10222540 [0x102213e0+0x1160]
J 2987 C1 javax.swing.RepaintManager$PaintManager.paintDoubleBuffered(Ljavax/swing/JComponent;Ljava/awt/Image;Ljava/awt/Graphics;IIII)V (294 bytes) @ 0x0f69ebbc [0x0f69e460+0x75c]
J 2983 C1 javax.swing.RepaintManager$PaintManager.paint(Ljavax/swing/JComponent;Ljavax/swing/JComponent;Ljava/awt/Graphics;IIII)Z (189 bytes) @ 0x0f69aea8 [0x0f69a320+0xb88]
J 2982 C1 javax.swing.RepaintManager.paint(Ljavax/swing/JComponent;Ljavax/swing/JComponent;Ljava/awt/Graphics;IIII)V (93 bytes) @ 0x0f69d1a0 [0x0f69cdc0+0x3e0]
J 33763 C2 javax.swing.JComponent.paint(Ljava/awt/Graphics;)V (409 bytes) @ 0x1186c190 [0x1186b940+0x850]
J 35966 C1 java.awt.GraphicsCallback$PaintCallback.run(Ljava/awt/Component;Ljava/awt/Graphics;)V (6 bytes) @ 0x110a3d44 [0x110a3c60+0xe4]
J 33654 C1 sun.awt.SunGraphicsCallback.runOneComponent(Ljava/awt/Component;Ljava/awt/Rectangle;Ljava/awt/Graphics;Ljava/awt/Shape;I)V (177 bytes) @ 0x114736ac [0x114724a0+0x120c]
J 33653 C1 sun.awt.SunGraphicsCallback.runComponents([Ljava/awt/Component;Ljava/awt/Graphics;I)V (204 bytes) @ 0x1228fd80 [0x1228eec0+0xec0]
J 30025 C1 java.awt.Container.paint(Ljava/awt/Graphics;)V (62 bytes) @ 0x0f45c488 [0x0f45bb60+0x928]
J 30024 C1 java.awt.Window.paint(Ljava/awt/Graphics;)V (72 bytes) @ 0x140ee31c [0x140eda00+0x91c]
J 30808 C1 com.intellij.openapi.wm.impl.IdeFrameImpl.paint(Ljava/awt/Graphics;)V (96 bytes) @ 0x12f9e8a0 [0x12f9dec0+0x9e0]
J 26517 C2 javax.swing.RepaintManager$4.run()Ljava/lang/Object; (5 bytes) @ 0x1222df6c [0x1222da80+0x4ec]
v  ~StubRoutines::call_stub
J 1691  java.security.AccessController.doPrivileged(Ljava/security/PrivilegedAction;Ljava/security/AccessControlContext;)Ljava/lang/Object; (0 bytes) @ 0x0f1a19c7 [0x0f1a1960+0x67]
J 25915 C2 javax.swing.RepaintManager.paintDirtyRegions(Ljava/util/Map;)V (196 bytes) @ 0x13606c14 [0x13606580+0x694]
J 28025 C2 javax.swing.RepaintManager$ProcessingRunnable.run()V (41 bytes) @ 0x137dc220 [0x137dbf60+0x2c0]
J 14974 C2 java.awt.EventQueue$3.run()Ljava/lang/Object; (5 bytes) @ 0x11470498 [0x11470220+0x278]
v  ~StubRoutines::call_stub
J 1691  java.security.AccessController.doPrivileged(Ljava/security/PrivilegedAction;Ljava/security/AccessControlContext;)Ljava/lang/Object; (0 bytes) @ 0x0f1a19c7 [0x0f1a1960+0x67]
J 3194 C2 java.awt.EventQueue.dispatchEvent(Ljava/awt/AWTEvent;)V (80 bytes) @ 0x0f73cd8c [0x0f73cb00+0x28c]
J 26487 C2 com.intellij.ide.IdeEventQueue._dispatchEvent(Ljava/awt/AWTEvent;Z)V (924 bytes) @ 0x0f4c902c [0x0f4c7580+0x1aac]
J 20094 C2 com.intellij.ide.IdeEventQueue.dispatchEvent(Ljava/awt/AWTEvent;)V (467 bytes) @ 0x119335f8 [0x11933000+0x5f8]
J 10124 C2 java.awt.EventDispatchThread.pumpOneEventForFilters(I)V (295 bytes) @ 0x109ca700 [0x109c84e0+0x2220]
J 26629% C2 java.awt.EventDispatchThread.pumpEventsForFilter(ILjava/awt/Conditional;Ljava/awt/EventFilter;)V (47 bytes) @ 0x0f2af5f8 [0x0f2af520+0xd8]
j  java.awt.EventDispatchThread.pumpEventsForHierarchy(ILjava/awt/Conditional;Ljava/awt/Component;)V+11
j  java.awt.EventDispatchThread.pumpEvents(ILjava/awt/Conditional;)V+4
j  java.awt.EventDispatchThread.pumpEvents(Ljava/awt/Conditional;)V+3
j  java.awt.EventDispatchThread.run()V+9
v  ~StubRoutines::call_stub

---------------  P R O C E S S  ---------------

Java Threads: ( => current thread )
  0x427d1800 JavaThread "ApplicationImpl pooled thread 381" [_thread_blocked, id=4432, stack(0x454b0000,0x455b0000)]
  0x427d0400 JavaThread "ApplicationImpl pooled thread 380" [_thread_blocked, id=9356, stack(0x44db0000,0x44eb0000)]
  0x3f061000 JavaThread "ApplicationImpl pooled thread 379" [_thread_blocked, id=936, stack(0x44280000,0x44380000)]
  0x3f063800 JavaThread "ApplicationImpl pooled thread 378" [_thread_blocked, id=11528, stack(0x44080000,0x44180000)]
  0x3f063c00 JavaThread "ApplicationImpl pooled thread 377" [_thread_blocked, id=13196, stack(0x43c50000,0x43d50000)]
  0x3f062400 JavaThread "ApplicationImpl pooled thread 376" [_thread_blocked, id=12696, stack(0x1e010000,0x1e110000)]
  0x3f060c00 JavaThread "ApplicationImpl pooled thread 374" [_thread_blocked, id=11084, stack(0x0d7d0000,0x0d8d0000)]
  0x3f063000 JavaThread "ApplicationImpl pooled thread 373" [_thread_blocked, id=1164, stack(0x0cb70000,0x0cc70000)]
  0x06b85c00 JavaThread "ApplicationImpl pooled thread 370" [_thread_blocked, id=12820, stack(0x080d0000,0x081d0000)]
  0x427cf800 JavaThread "pool-4-thread-1" [_thread_blocked, id=11880, stack(0x43950000,0x43a50000)]
  0x427cf000 JavaThread "Connector-Local" [_thread_in_native, id=6316, stack(0x43850000,0x43950000)]
  0x3fef6000 JavaThread "pool-5-thread-1" [_thread_blocked, id=11648, stack(0x43750000,0x43850000)]
  0x3fef5c00 JavaThread "Thread-3" daemon [_thread_in_native, id=11764, stack(0x42680000,0x42780000)]
  0x0bdfdc00 JavaThread "ApplicationImpl pooled thread 7" [_thread_in_native, id=11808, stack(0x0e3e0000,0x0e4e0000)]
  0x0bdfd800 JavaThread "ApplicationImpl pooled thread 6" [_thread_in_native, id=11924, stack(0x0e2e0000,0x0e3e0000)]
  0x06b86c00 JavaThread "Netty Builtin Server 2" [_thread_in_native, id=9232, stack(0x0cd70000,0x0ce70000)]
  0x06b85800 JavaThread "BaseDataReader: error stream of fsnotifier.exe" [_thread_in_native, id=6048, stack(0x0c970000,0x0ca70000)]
  0x06b84000 JavaThread "BaseDataReader: output stream of fsnotifier.exe" [_thread_in_native, id=4872, stack(0x0c870000,0x0c970000)]
  0x06b84400 JavaThread "ProcessWaitFor: fsnotifier.exe" [_thread_in_native, id=11496, stack(0x0c770000,0x0c870000)]
  0x04e6d400 JavaThread "TimerQueue" daemon [_thread_blocked, id=8704, stack(0x09bb0000,0x09cb0000)]
=>0x06266400 JavaThread "AWT-EventQueue-0 2016.3#WS-163.7743.25 WebStorm, eap:false, os:Windows 7 6.1, java-version:JetBrains s.r.o 1.8.0_112-release-408-b2" [_thread_in_native, id=7848, stack(0x09080000,0x09180000)]
  0x06461c00 JavaThread "AWT-Shutdown" [_thread_blocked, id=10336, stack(0x08d40000,0x08e40000)]
  0x04ff4800 JavaThread "Periodic tasks thread" [_thread_blocked, id=11888, stack(0x08c00000,0x08d00000)]
  0x06ad7c00 JavaThread "Netty Builtin Server 1" [_thread_in_native, id=12012, stack(0x08520000,0x08620000)]
  0x0606a400 JavaThread "AWT-Windows" daemon [_thread_in_native, id=8568, stack(0x07ce0000,0x07de0000)]
  0x06788c00 JavaThread "Java2D Disposer" daemon [_thread_blocked, id=11080, stack(0x07a60000,0x07b60000)]
  0x04c84000 JavaThread "Service Thread" daemon [_thread_blocked, id=2804, stack(0x05c10000,0x05d10000)]
  0x04c5a000 JavaThread "C1 CompilerThread3" daemon [_thread_blocked, id=3044, stack(0x05ad0000,0x05bd0000)]
  0x04c3a000 JavaThread "C2 CompilerThread2" daemon [_thread_blocked, id=5012, stack(0x05990000,0x05a90000)]
  0x04c49800 JavaThread "C2 CompilerThread1" daemon [_thread_blocked, id=7404, stack(0x05850000,0x05950000)]
  0x04c46800 JavaThread "C2 CompilerThread0" daemon [_thread_blocked, id=10424, stack(0x05710000,0x05810000)]
  0x04c42000 JavaThread "Attach Listener" daemon [_thread_blocked, id=9016, stack(0x054d0000,0x055d0000)]
  0x04c41400 JavaThread "Signal Dispatcher" daemon [_thread_blocked, id=10580, stack(0x05390000,0x05490000)]
  0x036bf800 JavaThread "Surrogate Locker Thread (Concurrent GC)" daemon [_thread_blocked, id=8380, stack(0x05250000,0x05350000)]
  0x04c30400 JavaThread "Finalizer" daemon [_thread_blocked, id=1912, stack(0x05050000,0x05150000)]
  0x036aa400 JavaThread "Reference Handler" daemon [_thread_blocked, id=8976, stack(0x04b10000,0x04c10000)]
  0x021cd000 JavaThread "main" [_thread_blocked, id=11360, stack(0x00090000,0x00190000)]

Other Threads:
  0x036a4c00 VMThread [stack: 0x049d0000,0x04ad0000] [id=5680]
  0x04c85400 WatcherThread [stack: 0x05d50000,0x05e50000] [id=8712]

VM state:not at safepoint (normal execution)

VM Mutex/Monitor currently owned by a thread: None

Heap:
 par new generation   total 39296K, used 10670K [0x1e200000, 0x20ca0000, 0x28ca0000)
  eden space 34944K,  29% used [0x1e200000, 0x1ebebd60, 0x20420000)
  from space 4352K,  11% used [0x20860000, 0x208dfb78, 0x20ca0000)
  to   space 4352K,   0% used [0x20420000, 0x20420000, 0x20860000)
 concurrent mark-sweep generation total 163376K, used 72544K [0x28ca0000, 0x32c2c000, 0x3e200000)
 Metaspace       used 88141K, capacity 91294K, committed 91904K, reserved 92544K

Card table byte_map: [0x03300000,0x03410000] byte_map_base: 0x0320f000

Marking Bits: (CMSBitMap*) 0x0232f078
 Bits: [0x036c0000, 0x0416b000)

Mod Union Table: (CMSBitMap*) 0x0232f0d8
 Bits: [0x003b0000, 0x003c5560)

Polling page: 0x00280000

CodeCache: size=245760Kb used=97099Kb max_used=97994Kb free=148660Kb
 bounds [0x0f010000, 0x15020000, 0x1e010000]
 total_blobs=24080 nmethods=23690 adapters=298
 compilation: enabled

Compilation events (10 events):
Event: 171423.156 Thread 0x04c5a000 36052       1       com.intellij.a.a.a.e::a (5 bytes)
Event: 171423.156 Thread 0x04c5a000 nmethod 36052 0x13493248 code [0x13493340, 0x134933e0]
Event: 171477.704 Thread 0x04c5a000 36061  s    3       sun.awt.windows.WDesktopProperties::setFontProperty (198 bytes)
Event: 171477.706 Thread 0x04c5a000 nmethod 36061 0x137eef48 code [0x137ef300, 0x137f10bc]
Event: 171477.738 Thread 0x04c5a000 36062   !   3       sun.awt.windows.WDesktopProperties$WinPlaySound::equals (25 bytes)
Event: 171477.740 Thread 0x04c5a000 nmethod 36062 0x10538c08 code [0x10538d20, 0x10538fac]
Event: 171477.880 Thread 0x04c3a000 36063       4       sun.java2d.pipe.ValidatePipe::validate (6 bytes)
Event: 171477.895 Thread 0x04c49800 36064       4       com.intellij.ui.SimpleColoredComponent::getPreferredSize (46 bytes)
Event: 171477.897 Thread 0x04c3a000 nmethod 36063 0x137ed208 code [0x137ed340, 0x137ed684]
Event: 171477.953 Thread 0x04c46800 36065 %     4       java.awt.GradientPaintContext::cycleFillRaster @ 55 (104 bytes)

GC Heap History (10 events):
Event: 126256.364 GC heap before
{Heap before GC invocations=260 (full 9):
 par new generation   total 39296K, used 35131K [0x1e200000, 0x20ca0000, 0x28ca0000)
  eden space 34944K, 100% used [0x1e200000, 0x20420000, 0x20420000)
  from space 4352K,   4% used [0x20420000, 0x2044ef10, 0x20860000)
  to   space 4352K,   0% used [0x20860000, 0x20860000, 0x20ca0000)
 concurrent mark-sweep generation total 163376K, used 72424K [0x28ca0000, 0x32c2c000, 0x3e200000)
 Metaspace       used 88117K, capacity 91257K, committed 91904K, reserved 92544K
Event: 126256.385 GC heap after
Heap after GC invocations=261 (full 9):
 par new generation   total 39296K, used 195K [0x1e200000, 0x20ca0000, 0x28ca0000)
  eden space 34944K,   0% used [0x1e200000, 0x1e200000, 0x20420000)
  from space 4352K,   4% used [0x20860000, 0x20890f60, 0x20ca0000)
  to   space 4352K,   0% used [0x20420000, 0x20420000, 0x20860000)
 concurrent mark-sweep generation total 163376K, used 72424K [0x28ca0000, 0x32c2c000, 0x3e200000)
 Metaspace       used 88117K, capacity 91257K, committed 91904K, reserved 92544K
}
Event: 126978.788 GC heap before
{Heap before GC invocations=261 (full 9):
 par new generation   total 39296K, used 35139K [0x1e200000, 0x20ca0000, 0x28ca0000)
  eden space 34944K, 100% used [0x1e200000, 0x20420000, 0x20420000)
  from space 4352K,   4% used [0x20860000, 0x20890f60, 0x20ca0000)
  to   space 4352K,   0% used [0x20420000, 0x20420000, 0x20860000)
 concurrent mark-sweep generation total 163376K, used 72424K [0x28ca0000, 0x32c2c000, 0x3e200000)
 Metaspace       used 88117K, capacity 91257K, committed 91904K, reserved 92544K
Event: 126978.832 GC heap after
Heap after GC invocations=262 (full 9):
 par new generation   total 39296K, used 168K [0x1e200000, 0x20ca0000, 0x28ca0000)
  eden space 34944K,   0% used [0x1e200000, 0x1e200000, 0x20420000)
  from space 4352K,   3% used [0x20420000, 0x2044a3b0, 0x20860000)
  to   space 4352K,   0% used [0x20860000, 0x20860000, 0x20ca0000)
 concurrent mark-sweep generation total 163376K, used 72424K [0x28ca0000, 0x32c2c000, 0x3e200000)
 Metaspace       used 88117K, capacity 91257K, committed 91904K, reserved 92544K
}
Event: 127668.668 GC heap before
{Heap before GC invocations=262 (full 9):
 par new generation   total 39296K, used 35112K [0x1e200000, 0x20ca0000, 0x28ca0000)
  eden space 34944K, 100% used [0x1e200000, 0x20420000, 0x20420000)
  from space 4352K,   3% used [0x20420000, 0x2044a3b0, 0x20860000)
  to   space 4352K,   0% used [0x20860000, 0x20860000, 0x20ca0000)
 concurrent mark-sweep generation total 163376K, used 72424K [0x28ca0000, 0x32c2c000, 0x3e200000)
 Metaspace       used 88117K, capacity 91257K, committed 91904K, reserved 92544K
Event: 127668.690 GC heap after
Heap after GC invocations=263 (full 9):
 par new generation   total 39296K, used 137K [0x1e200000, 0x20ca0000, 0x28ca0000)
  eden space 34944K,   0% used [0x1e200000, 0x1e200000, 0x20420000)
  from space 4352K,   3% used [0x20860000, 0x20882410, 0x20ca0000)
  to   space 4352K,   0% used [0x20420000, 0x20420000, 0x20860000)
 concurrent mark-sweep generation total 163376K, used 72456K [0x28ca0000, 0x32c2c000, 0x3e200000)
 Metaspace       used 88117K, capacity 91257K, committed 91904K, reserved 92544K
}
Event: 128437.938 GC heap before
{Heap before GC invocations=263 (full 9):
 par new generation   total 39296K, used 35081K [0x1e200000, 0x20ca0000, 0x28ca0000)
  eden space 34944K, 100% used [0x1e200000, 0x20420000, 0x20420000)
  from space 4352K,   3% used [0x20860000, 0x20882410, 0x20ca0000)
  to   space 4352K,   0% used [0x20420000, 0x20420000, 0x20860000)
 concurrent mark-sweep generation total 163376K, used 72456K [0x28ca0000, 0x32c2c000, 0x3e200000)
 Metaspace       used 88117K, capacity 91257K, committed 91904K, reserved 92544K
Event: 128437.954 GC heap after
Heap after GC invocations=264 (full 9):
 par new generation   total 39296K, used 60K [0x1e200000, 0x20ca0000, 0x28ca0000)
  eden space 34944K,   0% used [0x1e200000, 0x1e200000, 0x20420000)
  from space 4352K,   1% used [0x20420000, 0x2042f060, 0x20860000)
  to   space 4352K,   0% used [0x20860000, 0x20860000, 0x20ca0000)
 concurrent mark-sweep generation total 163376K, used 72544K [0x28ca0000, 0x32c2c000, 0x3e200000)
 Metaspace       used 88117K, capacity 91257K, committed 91904K, reserved 92544K
}
Event: 171477.755 GC heap before
{Heap before GC invocations=264 (full 9):
 par new generation   total 39296K, used 31294K [0x1e200000, 0x20ca0000, 0x28ca0000)
  eden space 34944K,  89% used [0x1e200000, 0x20080998, 0x20420000)
  from space 4352K,   1% used [0x20420000, 0x2042f060, 0x20860000)
  to   space 4352K,   0% used [0x20860000, 0x20860000, 0x20ca0000)
 concurrent mark-sweep generation total 163376K, used 72544K [0x28ca0000, 0x32c2c000, 0x3e200000)
 Metaspace       used 88141K, capacity 91294K, committed 91904K, reserved 92544K
Event: 171477.788 GC heap after
Heap after GC invocations=265 (full 9):
 par new generation   total 39296K, used 510K [0x1e200000, 0x20ca0000, 0x28ca0000)
  eden space 34944K,   0% used [0x1e200000, 0x1e200000, 0x20420000)
  from space 4352K,  11% used [0x20860000, 0x208dfb78, 0x20ca0000)
  to   space 4352K,   0% used [0x20420000, 0x20420000, 0x20860000)
 concurrent mark-sweep generation total 163376K, used 72544K [0x28ca0000, 0x32c2c000, 0x3e200000)
 Metaspace       used 88141K, capacity 91294K, committed 91904K, reserved 92544K
}

Deoptimization events (10 events):
Event: 103722.596 Thread 0x06266400 Uncommon trap: reason=range_check action=none pc=0x0f403d04 method=sun.reflect.generics.parser.SignatureParser.current()C @ 34
Event: 103722.603 Thread 0x06266400 Uncommon trap: reason=range_check action=none pc=0x0f403d04 method=sun.reflect.generics.parser.SignatureParser.current()C @ 34
Event: 103722.606 Thread 0x06266400 Uncommon trap: reason=range_check action=none pc=0x0f403d04 method=sun.reflect.generics.parser.SignatureParser.current()C @ 34
Event: 103722.651 Thread 0x06266400 Uncommon trap: reason=range_check action=none pc=0x0f403d04 method=sun.reflect.generics.parser.SignatureParser.current()C @ 34
Event: 103722.651 Thread 0x06266400 Uncommon trap: reason=range_check action=none pc=0x0f403d04 method=sun.reflect.generics.parser.SignatureParser.current()C @ 34
Event: 103722.661 Thread 0x06266400 Uncommon trap: reason=range_check action=none pc=0x0f403d04 method=sun.reflect.generics.parser.SignatureParser.current()C @ 34
Event: 103722.668 Thread 0x06266400 Uncommon trap: reason=range_check action=none pc=0x0f403d04 method=sun.reflect.generics.parser.SignatureParser.current()C @ 34
Event: 103722.669 Thread 0x06266400 Uncommon trap: reason=range_check action=none pc=0x0f403d04 method=sun.reflect.generics.parser.SignatureParser.current()C @ 34
Event: 123015.040 Thread 0x06266400 Uncommon trap: reason=unstable_if action=reinterpret pc=0x14589e0c method=javax.swing.RepaintManager.getVolatileOffscreenBuffer(Ljava/awt/Component;II)Ljava/awt/Image; @ 147
Event: 123015.046 Thread 0x06266400 Uncommon trap: reason=unstable_if action=reinterpret pc=0x12451b00 method=javax.swing.JComponent.paintChildren(Ljava/awt/Graphics;)V @ 476

Internal exceptions (10 events):
Event: 171432.552 Thread 0x0bdfd800 Exception <a 'java/net/SocketTimeoutException': Receive timed out> (0x1f49e470) thrown at [C:\BuildAgent\work\d332137835c821ac\hotspot\src\share\vm\prims\jni.cpp, line 735]
Event: 171434.582 Thread 0x427d1800 Exception <a 'java/net/UnknownHostException': www.jetbrains.com> (0x1fc65998) thrown at [C:\BuildAgent\work\d332137835c821ac\hotspot\src\share\vm\prims\jni.cpp, line 735]
Event: 171442.552 Thread 0x0bdfdc00 Exception <a 'java/net/SocketTimeoutException': Receive timed out> (0x1fc57110) thrown at [C:\BuildAgent\work\d332137835c821ac\hotspot\src\share\vm\prims\jni.cpp, line 735]
Event: 171442.557 Thread 0x0bdfd800 Exception <a 'java/net/SocketTimeoutException': Receive timed out> (0x1f49e8d0) thrown at [C:\BuildAgent\work\d332137835c821ac\hotspot\src\share\vm\prims\jni.cpp, line 735]
Event: 171452.551 Thread 0x0bdfdc00 Exception <a 'java/net/SocketTimeoutException': Receive timed out> (0x1fc57570) thrown at [C:\BuildAgent\work\d332137835c821ac\hotspot\src\share\vm\prims\jni.cpp, line 735]
Event: 171452.556 Thread 0x0bdfd800 Exception <a 'java/net/SocketTimeoutException': Receive timed out> (0x1f49ed30) thrown at [C:\BuildAgent\work\d332137835c821ac\hotspot\src\share\vm\prims\jni.cpp, line 735]
Event: 171462.551 Thread 0x0bdfdc00 Exception <a 'java/net/SocketTimeoutException': Receive timed out> (0x1ff37068) thrown at [C:\BuildAgent\work\d332137835c821ac\hotspot\src\share\vm\prims\jni.cpp, line 735]
Event: 171462.556 Thread 0x0bdfd800 Exception <a 'java/net/SocketTimeoutException': Receive timed out> (0x1ff3d7e8) thrown at [C:\BuildAgent\work\d332137835c821ac\hotspot\src\share\vm\prims\jni.cpp, line 735]
Event: 171472.551 Thread 0x0bdfdc00 Exception <a 'java/net/SocketTimeoutException': Receive timed out> (0x1ff39be8) thrown at [C:\BuildAgent\work\d332137835c821ac\hotspot\src\share\vm\prims\jni.cpp, line 735]
Event: 171472.556 Thread 0x0bdfd800 Exception <a 'java/net/SocketTimeoutException': Receive timed out> (0x1ff40368) thrown at [C:\BuildAgent\work\d332137835c821ac\hotspot\src\share\vm\prims\jni.cpp, line 735]

Events (10 events):
Event: 171423.137 Executing VM operation: RevokeBias done
Event: 171423.137 Thread 0x3f061c00 Thread exited: 0x3f061c00
Event: 171423.786 Executing VM operation: ThreadDump
Event: 171424.706 Executing VM operation: ThreadDump done
Event: 171434.582 loading class com/jetbrains/ls/b/c
Event: 171434.582 loading class com/jetbrains/ls/b/c done
Event: 171477.755 Executing VM operation: GenCollectForAllocation
Event: 171477.788 Executing VM operation: GenCollectForAllocation done
Event: 171477.880 Executing VM operation: RevokeBias
Event: 171477.880 Executing VM operation: RevokeBias done


Dynamic libraries:
0x00400000 - 0x00543000 	C:\Program Files (x86)\JetBrains\WebStorm 2016.2.3\bin\WebStorm.exe
0x77b80000 - 0x77d00000 	C:\Windows\SysWOW64\ntdll.dll
0x75c30000 - 0x75d40000 	C:\Windows\syswow64\kernel32.dll
0x75980000 - 0x759c7000 	C:\Windows\syswow64\KERNELBASE.dll
0x77190000 - 0x77290000 	C:\Windows\syswow64\USER32.dll
0x75670000 - 0x75700000 	C:\Windows\syswow64\GDI32.dll
0x77b50000 - 0x77b5a000 	C:\Windows\syswow64\LPK.dll
0x776b0000 - 0x7774d000 	C:\Windows\syswow64\USP10.dll
0x75700000 - 0x757ac000 	C:\Windows\syswow64\msvcrt.dll
0x759d0000 - 0x75a71000 	C:\Windows\syswow64\ADVAPI32.dll
0x75a80000 - 0x75a99000 	C:\Windows\SysWOW64\sechost.dll
0x762a0000 - 0x76390000 	C:\Windows\syswow64\RPCRT4.dll
0x75420000 - 0x75480000 	C:\Windows\syswow64\SspiCli.dll
0x75410000 - 0x7541c000 	C:\Windows\syswow64\CRYPTBASE.dll
0x76540000 - 0x7718c000 	C:\Windows\syswow64\SHELL32.dll
0x76390000 - 0x763e7000 	C:\Windows\syswow64\SHLWAPI.dll
0x75920000 - 0x75980000 	C:\Windows\system32\IMM32.DLL
0x761d0000 - 0x7629d000 	C:\Windows\syswow64\MSCTF.dll
0x737b0000 - 0x737da000 	C:\Windows\SysWOW64\nvinit.dll
0x0f000000 - 0x0f006000 	C:\Program Files (x86)\NVIDIA Corporation\CoProcManager\_etoured.dll
0x6b5c0000 - 0x6b613000 	C:\Program Files (x86)\NVIDIA Corporation\CoProcManager\nvd3d9wrap.dll
0x75490000 - 0x7562d000 	C:\Windows\syswow64\SETUPAPI.dll
0x77750000 - 0x77777000 	C:\Windows\syswow64\CFGMGR32.dll
0x75da0000 - 0x75e31000 	C:\Windows\syswow64\OLEAUT32.dll
0x757c0000 - 0x7591d000 	C:\Windows\syswow64\ole32.dll
0x773b0000 - 0x773c2000 	C:\Windows\syswow64\DEVOBJ.dll
0x6b580000 - 0x6b5bb000 	C:\Program Files (x86)\NVIDIA Corporation\CoProcManager\nvdxgiwrap.dll
0x55fa0000 - 0x5657f000 	C:\Program Files (x86)\JetBrains\WebStorm 2016.2.3\jre\jre\bin\server\jvm.dll
0x704b0000 - 0x704b7000 	C:\Windows\system32\WSOCK32.dll
0x75630000 - 0x75665000 	C:\Windows\syswow64\WS2_32.dll
0x772a0000 - 0x772a6000 	C:\Windows\syswow64\NSI.dll
0x72e80000 - 0x72eb2000 	C:\Windows\system32\WINMM.dll
0x738d0000 - 0x738d9000 	C:\Windows\system32\VERSION.dll
0x75480000 - 0x75485000 	C:\Windows\syswow64\PSAPI.DLL
0x6c4e0000 - 0x6c59f000 	C:\Windows\system32\MSVCR100.dll
0x6e3a0000 - 0x6e3ac000 	C:\Program Files (x86)\JetBrains\WebStorm 2016.2.3\jre\jre\bin\verify.dll
0x6e370000 - 0x6e391000 	C:\Program Files (x86)\JetBrains\WebStorm 2016.2.3\jre\jre\bin\java.dll
0x6e350000 - 0x6e363000 	C:\Program Files (x86)\JetBrains\WebStorm 2016.2.3\jre\jre\bin\zip.dll
0x75d60000 - 0x75d6b000 	C:\Windows\syswow64\profapi.dll
0x55e60000 - 0x55fa0000 	C:\Program Files (x86)\JetBrains\WebStorm 2016.2.3\jre\jre\bin\awt.dll
0x702f0000 - 0x70374000 	C:\Windows\WinSxS\x86_microsoft.windows.common-controls_6595b64144ccf1df_5.82.7601.18837_none_ec86b8d6858ec0bc\COMCTL32.dll
0x6b040000 - 0x6b0c0000 	C:\Windows\system32\uxtheme.dll
0x6a680000 - 0x6a693000 	C:\Windows\system32\dwmapi.dll
0x55de0000 - 0x55e54000 	C:\Program Files (x86)\JetBrains\WebStorm 2016.2.3\jre\jre\bin\freetype.dll
0x55d50000 - 0x55dd8000 	C:\Program Files (x86)\JetBrains\WebStorm 2016.2.3\jre\jre\bin\fontmanager.dll
0x59590000 - 0x595a6000 	C:\Program Files (x86)\JetBrains\WebStorm 2016.2.3\jre\jre\bin\net.dll
0x73680000 - 0x736bc000 	C:\Windows\system32\mswsock.dll
0x73440000 - 0x73446000 	C:\Windows\System32\wship6.dll
0x6a0c0000 - 0x6a0cf000 	C:\Program Files (x86)\JetBrains\WebStorm 2016.2.3\jre\jre\bin\nio.dll
0x73670000 - 0x73675000 	C:\Windows\System32\wshtcpip.dll
0x73650000 - 0x73667000 	C:\Windows\system32\CRYPTSP.dll
0x73610000 - 0x7364b000 	C:\Windows\system32\rsaenh.dll
0x75c00000 - 0x75c17000 	C:\Windows\syswow64\USERENV.dll
0x73460000 - 0x7347c000 	C:\Windows\system32\IPHLPAPI.DLL
0x73450000 - 0x73457000 	C:\Windows\system32\WINNSI.DLL
0x73430000 - 0x7343d000 	C:\Windows\system32\dhcpcsvc6.DLL
0x73410000 - 0x73422000 	C:\Windows\system32\dhcpcsvc.DLL
0x68500000 - 0x6850a000 	C:\Program Files (x86)\JetBrains\WebStorm 2016.2.3\jre\jre\bin\management.dll
0x59570000 - 0x5958d000 	C:\Users\shwen\.WebStorm2016.3\system\tmp\jna2932845566196112485.dll
0x684d0000 - 0x684dd000 	C:\Program Files (x86)\JetBrains\WebStorm 2016.2.3\bin\IdeaWin32.dll
0x021e0000 - 0x021e9000 	C:\Program Files (x86)\JetBrains\WebStorm 2016.2.3\bin\focuskiller.dll
0x55c80000 - 0x55d48000 	C:\Windows\system32\opengl32.dll
0x55c50000 - 0x55c72000 	C:\Windows\system32\GLU32.dll
0x70c00000 - 0x70ce7000 	C:\Windows\system32\DDRAW.dll
0x6e3b0000 - 0x6e3b6000 	C:\Windows\system32\DCIMAN32.dll
0x08920000 - 0x08950000 	C:\Program Files (x86)\JetBrains\WebStorm 2016.2.3\jre\jre\bin\lcms.dll
0x58550000 - 0x58570000 	C:\Program Files (x86)\JetBrains\WebStorm 2016.2.3\jre\jre\bin\sunec.dll
0x77320000 - 0x773a3000 	C:\Windows\syswow64\CLBCatQ.DLL
0x700d0000 - 0x7026e000 	C:\Windows\WinSxS\x86_microsoft.windows.common-controls_6595b64144ccf1df_6.0.7601.18837_none_41e855142bd5705d\comctl32.dll
0x6d240000 - 0x6d371000 	C:\Windows\system32\WindowsCodecs.dll
0x6fe30000 - 0x6fe7c000 	C:\Windows\system32\apphelp.dll
0x0a5d0000 - 0x0a779000 	C:\Program Files (x86)\MICROS~2\Office15\GROOVEEX.DLL
0x6c1b0000 - 0x6c219000 	C:\Windows\system32\MSVCP100.dll
0x6a8b0000 - 0x6a8d6000 	C:\Windows\system32\ATL100.DLL
0x6fa70000 - 0x6fcb6000 	C:\Windows\system32\msi.dll
0x661e0000 - 0x66a5d000 	C:\Program Files (x86)\MICROS~2\Office15\1033\GrooveIntlResource.dll
0x77d10000 - 0x77d41000 	C:\Windows\system32\EhStorShell.dll
0x0a790000 - 0x0a885000 	C:\Windows\system32\PROPSYS.dll
0x62820000 - 0x62890000 	C:\Windows\system32\ntshrui.dll
0x6f810000 - 0x6f829000 	C:\Windows\system32\srvcli.dll
0x65520000 - 0x6552b000 	C:\Windows\system32\cscapi.dll
0x731d0000 - 0x731da000 	C:\Windows\system32\slc.dll
0x684f0000 - 0x684f6000 	C:\Windows\system32\IconCodecService.dll
0x632f0000 - 0x632f9000 	C:\Program Files (x86)\JetBrains\WebStorm 2016.2.3\jre\jre\bin\sunmscapi.dll
0x763f0000 - 0x76511000 	C:\Windows\syswow64\CRYPT32.dll
0x76530000 - 0x7653c000 	C:\Windows\syswow64\MSASN1.dll
0x733a0000 - 0x733b0000 	C:\Windows\system32\NLAapi.dll
0x73390000 - 0x733a0000 	C:\Windows\system32\napinsp.dll
0x73370000 - 0x73382000 	C:\Windows\system32\pnrpnsp.dll
0x73320000 - 0x73364000 	C:\Windows\system32\DNSAPI.dll
0x73310000 - 0x73318000 	C:\Windows\System32\winrnr.dll
0x73300000 - 0x7330d000 	C:\Windows\system32\wshbth.dll
0x63560000 - 0x63568000 	C:\Program Files (x86)\National Instruments\Shared\mDNS Responder\nimdnsNSP.dll
0x63550000 - 0x63559000 	C:\Windows\system32\nimdnsResponder.dll
0x73250000 - 0x732f3000 	C:\Windows\WinSxS\x86_microsoft.vc90.crt_1fc8b3b9a1e18e3b_9.0.30729.6161_none_50934f2ebcb7eb57\MSVCR90.dll
0x733d0000 - 0x73408000 	C:\Windows\System32\fwpuclnt.dll
0x70430000 - 0x70436000 	C:\Windows\system32\rasadhlp.dll
0x598e0000 - 0x598ee000 	C:\Users\shwen\AppData\Local\Temp\proxy_vole2874881491206588779.dll
0x6f350000 - 0x6f3a8000 	C:\Windows\system32\WINHTTP.dll
0x6f300000 - 0x6f350000 	C:\Windows\system32\webio.dll
0x757b0000 - 0x757b5000 	C:\Windows\syswow64\api-ms-win-downlevel-advapi32-l1-1-0.dll
0x77290000 - 0x77294000 	C:\Windows\syswow64\api-ms-win-downlevel-shlwapi-l1-1-0.dll
0x75d50000 - 0x75d54000 	C:\Windows\syswow64\api-ms-win-downlevel-user32-l1-1-0.dll
0x75d40000 - 0x75d44000 	C:\Windows\syswow64\api-ms-win-downlevel-version-l1-1-0.dll
0x772b0000 - 0x772b3000 	C:\Windows\syswow64\api-ms-win-downlevel-normaliz-l1-1-0.dll
0x75c20000 - 0x75c23000 	C:\Windows\syswow64\normaliz.DLL
0x75e40000 - 0x76075000 	C:\Windows\syswow64\iertutil.dll
0x76520000 - 0x76524000 	C:\Windows\syswow64\api-ms-win-downlevel-ole32-l1-1-0.dll
0x76080000 - 0x761cb000 	C:\Windows\syswow64\urlmon.dll
0x773d0000 - 0x7767b000 	C:\Windows\syswow64\WININET.dll
0x58e30000 - 0x58e34000 	C:\Windows\system32\api-ms-win-downlevel-shlwapi-l2-1-0.dll
0x57d50000 - 0x57d56000 	C:\Program Files (x86)\JetBrains\WebStorm 2016.2.3\jre\jre\bin\jawt.dll
0x423c0000 - 0x42444000 	C:\Program Files (x86)\JetBrains\WebStorm 2016.2.3\lib\libpty\win\x86\winpty.dll
0x57400000 - 0x57403000 	C:\Windows\system32\api-ms-win-core-synch-l1-2-0.DLL
0x6fe80000 - 0x6fea1000 	C:\Windows\system32\ntmarta.dll
0x75bb0000 - 0x75bf5000 	C:\Windows\syswow64\WLDAP32.dll
0x736c0000 - 0x737ab000 	C:\Windows\system32\dbghelp.dll

VM Arguments:
jvm_args: -Xms128m -Xmx512m -XX:ReservedCodeCacheSize=240m -XX:+UseConcMarkSweepGC -XX:SoftRefLRUPolicyMSPerMB=50 -ea -Dsun.io.useCanonCaches=false -Djava.net.preferIPv4Stack=true -XX:+HeapDumpOnOutOfMemoryError -XX:-OmitStackTraceInFastThrow -Djb.vmOptionsFile=C:\Program Files (x86)\JetBrains\WebStorm 2016.2.3\bin\WebStorm.exe.vmoptions -Xbootclasspath/a:C:\Program Files (x86)\JetBrains\WebStorm 2016.2.3\lib\boot.jar -Didea.platform.prefix=WebStorm -Didea.paths.selector=WebStorm2016.3 -XX:ErrorFile=C:\Users\shwen\java_error_in_webstorm_%p.log -XX:HeapDumpPath=C:\Users\shwen\java_error_in_webstorm.hprof 
java_command: <unknown>
java_class_path (initial): C:\Program Files (x86)\JetBrains\WebStorm 2016.2.3\lib\bootstrap.jar;C:\Program Files (x86)\JetBrains\WebStorm 2016.2.3\lib\extensions.jar;C:\Program Files (x86)\JetBrains\WebStorm 2016.2.3\lib\util.jar;C:\Program Files (x86)\JetBrains\WebStorm 2016.2.3\lib\jdom.jar;C:\Program Files (x86)\JetBrains\WebStorm 2016.2.3\lib\log4j.jar;C:\Program Files (x86)\JetBrains\WebStorm 2016.2.3\lib\trove4j.jar;C:\Program Files (x86)\JetBrains\WebStorm 2016.2.3\lib\jna.jar
Launcher Type: generic

Environment Variables:
PATH=C:\ProgramData\Oracle\Java\javapath;C:\Windows\system32;C:\Windows;C:\Windows\System32\Wbem;C:\Program Files (x86)\OpenText\Viewer\bin;C:\Program Files\IVI Foundation\VISA\Win64\Bin\;C:\Program Files (x86)\IVI Foundation\VISA\WinNT\Bin\;C:\Program Files (x86)\IVI Foundation\VISA\WinNT\Bin;C:\Windows\system32\config\systemprofile\.dnx\bin;C:\Program Files\Microsoft DNX\Dnvm\;C:\Program Files (x86)\Brackets\command;C:\Program Files\nodejs\;C:\Windows\System32\WindowsPowerShell\v1.0\;C:\Windows\System32\WindowsPowerShell\v1.0\;C:\Windows\System32\WindowsPowerShell\v1.0\;C:\Users\shwen\.dnx\bin;C:\Users\shwen\AppData\Roaming\npm
USERNAME=Shwen
OS=Windows_NT
PROCESSOR_IDENTIFIER=Intel64 Family 6 Model 60 Stepping 3, GenuineIntel



---------------  S Y S T E M  ---------------

OS: Windows 7 , 64 bit Build 7601 (6.1.7601.23889)

CPU:total 8 (4 cores per cpu, 2 threads per core) family 6 model 60 stepping 3, cmov, cx8, fxsr, mmx, sse, sse2, sse3, ssse3, sse4.1, sse4.2, popcnt, avx, avx2, aes, clmul, erms, lzcnt, ht, tsc, tscinvbit, bmi1, bmi2

Memory: 4k page, physical 16680048k(872424k free), swap 33358236k(15255344k free)

vm_info: OpenJDK Server VM (25.112-b2) for windows-x86 JRE (1.8.0_112-release-408-b2), built on Oct 26 2016 01:29:13 by "builduser" with MS VC++ 10.0 (VS2010)

time: Wed Oct 18 08:17:32 2017
elapsed time: 171478 seconds (1d 23h 37m 58s)

